GROUP,PACKAGE,CLASS,INSTRUCTION_MISSED,INSTRUCTION_COVERED,BRANCH_MISSED,BRANCH_COVERED,LINE_MISSED,LINE_COVERED,COMPLEXITY_MISSED,COMPLEXITY_COVERED,METHOD_MISSED,METHOD_COVERED
onos-app-yms,org.onosproject.yang.gen.v1.urn.ietf.params.xml.ns.yang.ietf.network2.rev20151208.ietfnetwork2.networkdown,Networks.OnosYangNodeOperationType,78,0,0,0,7,0,4,0,4,0
onos-app-yms,org.onosproject.yang.gen.v1.urn.ietf.params.xml.ns.yang.ietf.network2.rev20151208.ietfnetwork2.networkdown,DefaultNetworks.NetworksBuilder,80,0,0,0,24,0,14,0,14,0
onos-app-yms,org.onosproject.yang.gen.v1.urn.ietf.params.xml.ns.yang.ietf.network2.rev20151208.ietfnetwork2.networkdown,DefaultNetworks,324,0,36,0,74,0,36,0,18,0
onos-app-yms,org.onosproject.yang.gen.v1.urn.ietf.params.xml.ns.yang.ietf.network2.rev20151208.ietfnetwork2.networkdown,Networks.LeafIdentifier,35,0,0,0,6,0,5,0,5,0
onos-app-yms,org.onosproject.yang.gen.v1.ych.purchasing.supervisor.rev20160524.ychpurchasingsupervisor,DefaultYchPurchasingSupervisor,280,51,40,0,62,14,33,4,13,4
onos-app-yms,org.onosproject.yang.gen.v1.ych.purchasing.supervisor.rev20160524.ychpurchasingsupervisor,YchPurchasingSupervisor.OnosYangNodeOperationType,9,69,0,0,0,7,2,2,2,2
onos-app-yms,org.onosproject.yang.gen.v1.ych.purchasing.supervisor.rev20160524.ychpurchasingsupervisor,DefaultYchPurchasingSupervisor.YchPurchasingSupervisorBuilder,19,66,0,0,5,20,3,11,3,11
onos-app-yms,org.onosproject.yang.gen.v1.ych.purchasing.supervisor.rev20160524.ychpurchasingsupervisor,YchPurchasingSupervisor.LeafIdentifier,9,37,0,0,0,7,2,3,2,3
onos-app-yms,org.onosproject.yang.gen.v1.urn.ietf.params.xml.ns.yang.ietf.network1.rev20151208.ietfnetwork1.networkup,Networks.LeafIdentifier,35,0,0,0,6,0,5,0,5,0
onos-app-yms,org.onosproject.yang.gen.v1.urn.ietf.params.xml.ns.yang.ietf.network1.rev20151208.ietfnetwork1.networkup,DefaultNetworks,324,0,36,0,74,0,36,0,18,0
onos-app-yms,org.onosproject.yang.gen.v1.urn.ietf.params.xml.ns.yang.ietf.network1.rev20151208.ietfnetwork1.networkup,Networks.OnosYangNodeOperationType,78,0,0,0,7,0,4,0,4,0
onos-app-yms,org.onosproject.yang.gen.v1.urn.ietf.params.xml.ns.yang.ietf.network1.rev20151208.ietfnetwork1.networkup,DefaultNetworks.NetworksBuilder,80,0,0,0,24,0,14,0,14,0
onos-app-yms,org.onosproject.yang.gen.v1.urn.ietf.params.xml.ns.yang.ietf.network4.rev20161208.ietfnetwork4.networkup.networks,DefaultNetwork.NetworkBuilder,72,0,0,0,21,0,12,0,12,0
onos-app-yms,org.onosproject.yang.gen.v1.urn.ietf.params.xml.ns.yang.ietf.network4.rev20161208.ietfnetwork4.networkup.networks,Network.OnosYangNodeOperationType,78,0,0,0,7,0,4,0,4,0
onos-app-yms,org.onosproject.yang.gen.v1.urn.ietf.params.xml.ns.yang.ietf.network4.rev20161208.ietfnetwork4.networkup.networks,DefaultNetwork,269,0,26,0,61,0,29,0,16,0
onos-app-yms,org.onosproject.yang.gen.v1.urn.ietf.params.xml.ns.yang.ietf.network4.rev20161208.ietfnetwork4.networkup.networks,Network.LeafIdentifier,35,0,0,0,6,0,5,0,5,0
onos-app-yms,org.onosproject.yang.gen.v1.ydt.test6.rev20160524.test6.list2,Cont7.LeafIdentifier,35,0,0,0,6,0,5,0,5,0
onos-app-yms,org.onosproject.yang.gen.v1.ydt.test6.rev20160524.test6.list2,DefaultCont7.Cont7Builder,72,0,0,0,21,0,12,0,12,0
onos-app-yms,org.onosproject.yang.gen.v1.ydt.test6.rev20160524.test6.list2,DefaultCont7,270,0,28,0,61,0,30,0,16,0
onos-app-yms,org.onosproject.yang.gen.v1.ydt.test6.rev20160524.test6.list2,Cont7.OnosYangNodeOperationType,78,0,0,0,7,0,4,0,4,0
onos-app-yms,org.onosproject.yang.gen.v1.urn.ietf.params.xml.ns.yang.ietf.inet.types.rev20130715.ietfinettypes.host,HostUnion,104,0,8,0,33,0,15,0,11,0
onos-app-yms,org.onosproject.yang.gen.v1.ydt.integer8.rev20160524.integer8,DefaultMultiRangeValidation.MultiRangeValidationBuilder,24,87,0,0,7,26,4,14,4,14
onos-app-yms,org.onosproject.yang.gen.v1.ydt.integer8.rev20160524.integer8,MultiRangeValidation.LeafIdentifier,9,59,0,0,0,9,2,3,2,3
onos-app-yms,org.onosproject.yang.gen.v1.ydt.integer8.rev20160524.integer8,MultiRangeValidation.OnosYangNodeOperationType,0,78,0,0,0,7,0,4,0,4
onos-app-yms,org.onosproject.yang.gen.v1.ydt.integer8.rev20160524.integer8,DefaultMultiRangeValidation,399,50,56,0,81,13,46,1,18,1
onos-app-yms,org.onosproject.yang.gen.v1.urn.ietf.params.xml.ns.yang.ietf.network2.rev20151208.ietfnetwork2.networkup,Networks.OnosYangNodeOperationType,78,0,0,0,7,0,4,0,4,0
onos-app-yms,org.onosproject.yang.gen.v1.urn.ietf.params.xml.ns.yang.ietf.network2.rev20151208.ietfnetwork2.networkup,Networks.LeafIdentifier,35,0,0,0,6,0,5,0,5,0
onos-app-yms,org.onosproject.yang.gen.v1.urn.ietf.params.xml.ns.yang.ietf.network2.rev20151208.ietfnetwork2.networkup,DefaultNetworks.NetworksBuilder,80,0,0,0,24,0,14,0,14,0
onos-app-yms,org.onosproject.yang.gen.v1.urn.ietf.params.xml.ns.yang.ietf.network2.rev20151208.ietfnetwork2.networkup,DefaultNetworks,324,0,36,0,74,0,36,0,18,0
onos-app-yms,org.onosproject.yang.gen.v1.ydt.emptydata.rev20160524,EmptydataOpParam,195,11,38,0,45,4,28,1,9,1
onos-app-yms,org.onosproject.yang.gen.v1.ydt.emptydata.rev20160524,Emptydata.OnosYangNodeOperationType,0,78,0,0,0,7,0,4,0,4
onos-app-yms,org.onosproject.yang.gen.v1.ydt.emptydata.rev20160524,EmptydataOpParam.EmptydataBuilder,5,35,1,1,2,11,2,6,1,6
onos-app-yms,org.onosproject.yang.gen.v1.urn.ietf.params.xml.ns.yang.ietf.network.rev20151208.ietfnetwork,NodeId,43,20,4,0,14,8,6,4,4,4
onos-app-yms,org.onosproject.yang.gen.v1.urn.ietf.params.xml.ns.yang.ietf.network.rev20151208.ietfnetwork,NetworkId,63,0,4,0,22,0,10,0,8,0
onos-app-yms,org.onosproject.yang.gen.v1.urn.ietf.params.xml.ns.yang.ietf.network.rev20151208.ietfnetwork,DefaultNetworksState.NetworksStateBuilder,17,43,1,1,5,13,4,7,3,7
onos-app-yms,org.onosproject.yang.gen.v1.urn.ietf.params.xml.ns.yang.ietf.network.rev20151208.ietfnetwork,DefaultNetworksState,260,20,42,0,59,6,32,1,11,1
onos-app-yms,org.onosproject.yang.gen.v1.urn.ietf.params.xml.ns.yang.ietf.network.rev20151208.ietfnetwork,Networks.OnosYangNodeOperationType,0,78,0,0,0,7,0,4,0,4
onos-app-yms,org.onosproject.yang.gen.v1.urn.ietf.params.xml.ns.yang.ietf.network.rev20151208.ietfnetwork,DefaultNetworks.NetworksBuilder,17,43,1,1,5,13,4,7,3,7
onos-app-yms,org.onosproject.yang.gen.v1.urn.ietf.params.xml.ns.yang.ietf.network.rev20151208.ietfnetwork,DefaultNetworks,260,20,42,0,59,6,32,1,11,1
onos-app-yms,org.onosproject.yang.gen.v1.urn.ietf.params.xml.ns.yang.ietf.network.rev20151208.ietfnetwork,NetworksState.OnosYangNodeOperationType,0,78,0,0,0,7,0,4,0,4
onos-app-yms,org.onosproject.yms.app.ydt.exceptions,YdtExceptions,12,4,0,0,6,2,3,1,3,1
onos-app-yms,org.onosproject.yang.gen.v1.urn.ietf.params.xml.ns.yang.ietf.network3.rev20151208.ietfnetwork3,DefaultNetworks,324,0,36,0,74,0,36,0,18,0
onos-app-yms,org.onosproject.yang.gen.v1.urn.ietf.params.xml.ns.yang.ietf.network3.rev20151208.ietfnetwork3,DefaultNetworks.NetworksBuilder,80,0,0,0,24,0,14,0,14,0
onos-app-yms,org.onosproject.yang.gen.v1.urn.ietf.params.xml.ns.yang.ietf.network3.rev20151208.ietfnetwork3,Networks.LeafIdentifier,35,0,0,0,6,0,5,0,5,0
onos-app-yms,org.onosproject.yang.gen.v1.urn.ietf.params.xml.ns.yang.ietf.network3.rev20151208.ietfnetwork3,Networks.OnosYangNodeOperationType,78,0,0,0,7,0,4,0,4,0
onos-app-yms,org.onosproject.yms.app.ytb,YdtBuilderFromYo,96,893,28,109,32,291,30,69,2,27
onos-app-yms,org.onosproject.yms.app.ytb,YtbNodeInfo,3,21,0,0,1,10,1,6,1,6
onos-app-yms,org.onosproject.yms.app.ytb,DefaultYangTreeBuilder,0,79,1,7,0,21,1,6,0,3
onos-app-yms,org.onosproject.yms.app.ytb,YdtBuilderFromYo.new Object() {...},20,125,0,0,0,1,0,1,0,1
onos-app-yms,org.onosproject.yms.app.ytb,TraversalType,9,49,0,0,0,5,2,2,2,2
onos-app-yms,org.onosproject.yms.app.ytb,YtbException,12,4,0,0,6,2,3,1,3,1
onos-app-yms,org.onosproject.yang.gen.v1.urn.ietf.params.xml.ns.yang.ietf.network4.rev20151208.ietfnetwork4.networkup,DefaultNetworks.NetworksBuilder,80,0,0,0,24,0,14,0,14,0
onos-app-yms,org.onosproject.yang.gen.v1.urn.ietf.params.xml.ns.yang.ietf.network4.rev20151208.ietfnetwork4.networkup,Networks.OnosYangNodeOperationType,78,0,0,0,7,0,4,0,4,0
onos-app-yms,org.onosproject.yang.gen.v1.urn.ietf.params.xml.ns.yang.ietf.network4.rev20151208.ietfnetwork4.networkup,Networks.LeafIdentifier,35,0,0,0,6,0,5,0,5,0
onos-app-yms,org.onosproject.yang.gen.v1.urn.ietf.params.xml.ns.yang.ietf.network4.rev20151208.ietfnetwork4.networkup,DefaultNetworks,324,0,36,0,74,0,36,0,18,0
onos-app-yms,org.onosproject.yang.gen.v1.yms.test.ytb.multi.notification.with.container.rev20160826.ytbmultinotificationwithcontainer,YtbMultiNotificationWithContainerEventSubject,7,10,0,0,3,4,2,3,2,3
onos-app-yms,org.onosproject.yang.gen.v1.yms.test.ytb.multi.notification.with.container.rev20160826.ytbmultinotificationwithcontainer,YtbMultiNotificationWithContainerEvent.Type,9,29,0,0,0,3,2,2,2,2
onos-app-yms,org.onosproject.yang.gen.v1.yms.test.ytb.multi.notification.with.container.rev20160826.ytbmultinotificationwithcontainer,DefaultFortesta.FortestaBuilder,17,27,0,0,5,9,3,6,3,6
onos-app-yms,org.onosproject.yang.gen.v1.yms.test.ytb.multi.notification.with.container.rev20160826.ytbmultinotificationwithcontainer,Fortestb.LeafIdentifier,35,0,0,0,6,0,5,0,5,0
onos-app-yms,org.onosproject.yang.gen.v1.yms.test.ytb.multi.notification.with.container.rev20160826.ytbmultinotificationwithcontainer,YtbMultiNotificationWithContainerEvent,6,5,0,0,2,2,1,1,1,1
onos-app-yms,org.onosproject.yang.gen.v1.yms.test.ytb.multi.notification.with.container.rev20160826.ytbmultinotificationwithcontainer,Fortestb.OnosYangNodeOperationType,78,0,0,0,7,0,4,0,4,0
onos-app-yms,org.onosproject.yang.gen.v1.yms.test.ytb.multi.notification.with.container.rev20160826.ytbmultinotificationwithcontainer,DefaultFortestb.FortestbBuilder,83,0,2,0,24,0,14,0,13,0
onos-app-yms,org.onosproject.yang.gen.v1.yms.test.ytb.multi.notification.with.container.rev20160826.ytbmultinotificationwithcontainer,DefaultFortesta,181,26,24,0,44,8,21,3,9,3
onos-app-yms,org.onosproject.yang.gen.v1.yms.test.ytb.multi.notification.with.container.rev20160826.ytbmultinotificationwithcontainer,DefaultFortestb,334,0,44,0,78,0,38,0,16,0
onos-app-yms,org.onosproject.yang.gen.v1.yms.test.ytb.multi.notification.with.container.rev20160826.ytbmultinotificationwithcontainer,Fortesta.OnosYangNodeOperationType,78,0,0,0,7,0,4,0,4,0
onos-app-yms,org.onosproject.yang.gen.v1.ydt.bit.rev20160524.bit,BitList.LeafIdentifier,35,0,0,0,6,0,5,0,5,0
onos-app-yms,org.onosproject.yang.gen.v1.ydt.bit.rev20160524.bit,DefaultBitList,270,0,28,0,61,0,30,0,16,0
onos-app-yms,org.onosproject.yang.gen.v1.ydt.bit.rev20160524.bit,BitList.OnosYangNodeOperationType,78,0,0,0,7,0,4,0,4,0
onos-app-yms,org.onosproject.yang.gen.v1.ydt.bit.rev20160524.bit,DefaultBitList.BitListBuilder,72,0,0,0,21,0,12,0,12,0
onos-app-yms,org.onosproject.yang.gen.v1.ych.empty.container.rev20160524,EmptyContainer.OnosYangNodeOperationType,0,78,0,0,0,7,0,4,0,4
onos-app-yms,org.onosproject.yang.gen.v1.ych.empty.container.rev20160524,EmptyContainerOpParam.EmptyContainerBuilder,5,19,0,0,2,7,1,5,1,5
onos-app-yms,org.onosproject.yang.gen.v1.ych.empty.container.rev20160524,EmptyContainerOpParam,112,21,20,0,29,7,16,4,6,4
onos-app-yms,org.onosproject.yang.gen.v1.urn.ietf.params.xml.ns.yang.ietf.network4.rev20141208,IetfNetwork4OpParam,85,0,10,0,26,0,14,0,9,0
onos-app-yms,org.onosproject.yang.gen.v1.urn.ietf.params.xml.ns.yang.ietf.network4.rev20141208,IetfNetwork4OpParam.IetfNetwork4Builder,16,0,0,0,6,0,4,0,4,0
onos-app-yms,org.onosproject.yang.gen.v1.urn.ietf.params.xml.ns.yang.ietf.network4.rev20141208,IetfNetwork4.OnosYangNodeOperationType,78,0,0,0,7,0,4,0,4,0
onos-app-yms,org.onosproject.yang.gen.v1.ydt.integer64.rev20160524,Integer64.OnosYangNodeOperationType,0,78,0,0,0,7,0,4,0,4
onos-app-yms,org.onosproject.yang.gen.v1.ydt.integer64.rev20160524,Integer64.LeafIdentifier,9,125,0,0,0,15,2,3,2,3
onos-app-yms,org.onosproject.yang.gen.v1.ydt.integer64.rev20160524,Integer64OpParam.Integer64Builder,12,181,0,2,4,55,2,29,2,28
onos-app-yms,org.onosproject.yang.gen.v1.ydt.integer64.rev20160524,Integer64OpParam,784,69,140,0,160,18,94,1,24,1
onos-app-yms,org.onosproject.yang.gen.v1.ydt.food.rev20160624.food.food,Snack.OnosYangNodeOperationType,78,0,0,0,7,0,4,0,4,0
onos-app-yms,org.onosproject.yms.app.yob.exception,YobExceptions,16,0,0,0,8,0,4,0,4,0
onos-app-yms,org.onosproject.yang.gen.v1.yms.test.ytb.tree.builder.yangautoprefixfor.list.having.list.rev20160826.ytbtreebuilderforlisthavinglist.carrier.multiplexes,DefaultApplicationAreas,290,44,44,0,66,12,35,3,13,3
onos-app-yms,org.onosproject.yang.gen.v1.yms.test.ytb.tree.builder.yangautoprefixfor.list.having.list.rev20160826.ytbtreebuilderforlisthavinglist.carrier.multiplexes,DefaultApplicationAreas.ApplicationAreasBuilder,40,43,2,0,11,13,6,8,5,8
onos-app-yms,org.onosproject.yang.gen.v1.yms.test.ytb.tree.builder.yangautoprefixfor.list.having.list.rev20160826.ytbtreebuilderforlisthavinglist.carrier.multiplexes,ApplicationAreas.OnosYangNodeOperationType,78,0,0,0,7,0,4,0,4,0
onos-app-yms,org.onosproject.yang.gen.v1.yms.test.ytb.tree.builder.yangautoprefixfor.list.having.list.rev20160826.ytbtreebuilderforlisthavinglist.carrier.multiplexes,ApplicationAreas.LeafIdentifier,35,0,0,0,6,0,5,0,5,0
onos-app-yms,org.onosproject.yang.gen.v1.yms.test.ytb.tree.builder.yangautoprefixfor.list.having.list.rev20160826.ytbtreebuilderforlisthavinglist.carrier.multiplexes,TypesEnum,68,54,18,0,15,9,18,3,6,3
onos-app-yms,org.onosproject.yang.gen.v1.urn.ietf.params.xml.ns.yang.ietf.network.rev20151208,IetfNetwork.OnosYangNodeOperationType,0,78,0,0,0,7,0,4,0,4
onos-app-yms,org.onosproject.yang.gen.v1.urn.ietf.params.xml.ns.yang.ietf.network.rev20151208,IetfNetworkOpParam.IetfNetworkBuilder,5,27,0,0,2,10,1,7,1,7
onos-app-yms,org.onosproject.yang.gen.v1.urn.ietf.params.xml.ns.yang.ietf.network.rev20151208,IetfNetworkOpParam,162,15,28,0,41,5,24,1,10,1
onos-app-yms,org.onosproject.yang.gen.v1.ydt.integer16.rev20160524,Integer16OpParam,794,69,140,0,161,18,94,1,24,1
onos-app-yms,org.onosproject.yang.gen.v1.ydt.integer16.rev20160524,Integer16.OnosYangNodeOperationType,0,78,0,0,0,7,0,4,0,4
onos-app-yms,org.onosproject.yang.gen.v1.ydt.integer16.rev20160524,Integer16.LeafIdentifier,9,125,0,0,0,15,2,3,2,3
onos-app-yms,org.onosproject.yang.gen.v1.ydt.integer16.rev20160524,Integer16OpParam.Integer16Builder,12,181,0,2,4,55,2,29,2,28
onos-app-yms,org.onosproject.yang.gen.v1.ydt.root.rev20160524,LogisticsManagerOpParam.LogisticsManagerBuilder,95,63,6,0,28,20,13,14,10,14
onos-app-yms,org.onosproject.yang.gen.v1.ydt.root.rev20160524,LogisticsManagerOpParam,692,59,142,0,155,16,90,3,19,3
onos-app-yms,org.onosproject.yang.gen.v1.ydt.root.rev20160524,LogisticsManager.OnosYangNodeOperationType,0,78,0,0,0,7,0,4,0,4
onos-app-yms,org.onosproject.yang.gen.v1.ydt.root.rev20160524,LogisticsManager.LeafIdentifier,9,48,0,0,0,8,2,3,2,3
onos-app-yms,org.onosproject.yang.gen.v1.ydt.enumtest.rev20160524.enumtest,DefaultEnumList.EnumListBuilder,24,48,0,0,7,14,4,8,4,8
onos-app-yms,org.onosproject.yang.gen.v1.ydt.enumtest.rev20160524.enumtest,EnumList.LeafIdentifier,9,26,0,0,0,6,2,3,2,3
onos-app-yms,org.onosproject.yang.gen.v1.ydt.enumtest.rev20160524.enumtest,DefaultEnumList,243,38,30,0,54,10,31,1,16,1
onos-app-yms,org.onosproject.yang.gen.v1.ydt.enumtest.rev20160524.enumtest,EnumList.OnosYangNodeOperationType,0,78,0,0,0,7,0,4,0,4
onos-app-yms,org.onosproject.yms.app.ydt,DefaultYdtAppContext,27,152,4,13,9,58,7,28,3,23
onos-app-yms,org.onosproject.yms.app.ydt,YdtAppNodeOperationType,9,39,0,0,0,4,2,2,2,2
onos-app-yms,org.onosproject.yms.app.ydt,AppType,9,29,0,0,0,3,2,2,2,2
onos-app-yms,org.onosproject.yms.app.ydt,YdtNode,190,454,6,50,43,143,16,58,10,36
onos-app-yms,org.onosproject.yms.app.ydt,YdtSingleInstanceLeafNode,0,50,0,0,0,15,0,5,0,5
onos-app-yms,org.onosproject.yms.app.ydt,DefaultYdtWalker,4,72,3,13,2,27,3,9,0,4
onos-app-yms,org.onosproject.yms.app.ydt,YdtMultiInstanceNode,0,127,1,7,0,35,1,9,0,6
onos-app-yms,org.onosproject.yms.app.ydt,YdtSingleInstanceNode,20,5,0,0,3,2,1,1,1,1
onos-app-yms,org.onosproject.yms.app.ydt,YangResponseWorkBench,21,12,0,0,9,5,6,1,6,1
onos-app-yms,org.onosproject.yms.app.ydt,RequestedCardinality,5,63,0,0,0,6,1,3,1,3
onos-app-yms,org.onosproject.yms.app.ydt,YdtMultiInstanceLeafNode,15,101,0,6,5,26,1,8,1,5
onos-app-yms,org.onosproject.yms.app.ydt,YdtNodeFactory,191,112,14,18,28,27,13,13,1,3
onos-app-yms,org.onosproject.yms.app.ydt,YangRequestWorkBench.new Object() {...},2,17,0,0,0,1,0,1,0,1
onos-app-yms,org.onosproject.yms.app.ydt,YdtNodeFactory.new Object() {...},12,85,0,0,0,3,0,1,0,1
onos-app-yms,org.onosproject.yms.app.ydt,YangRequestWorkBench,89,629,17,62,21,182,16,55,2,29
onos-app-yms,org.onosproject.yms.app.ydt,RequestedCallType,5,43,0,0,0,4,1,3,1,3
onos-app-yms,org.onosproject.yms.app.ydt,DefaultYdtAppContext.new Object() {...},5,35,0,0,0,1,0,1,0,1
onos-app-yms,org.onosproject.yang.gen.v1.ydt.material.supervisor.rev20160524.materialsupervisor,DefaultSupervisor,280,51,40,0,58,14,33,4,13,4
onos-app-yms,org.onosproject.yang.gen.v1.ydt.material.supervisor.rev20160524.materialsupervisor,Supervisor.LeafIdentifier,9,37,0,0,0,7,2,3,2,3
onos-app-yms,org.onosproject.yang.gen.v1.ydt.material.supervisor.rev20160524.materialsupervisor,DefaultSupervisor.SupervisorBuilder,24,61,0,0,7,18,4,10,4,10
onos-app-yms,org.onosproject.yang.gen.v1.ydt.material.supervisor.rev20160524.materialsupervisor,Supervisor.OnosYangNodeOperationType,0,78,0,0,0,7,0,4,0,4
onos-app-yms,org.onosproject.yang.gen.v1.urn.ietf.params.xml.ns.yang.ietf.network4.ietfnetwork4.networkup,Networks.LeafIdentifier,35,0,0,0,6,0,5,0,5,0
onos-app-yms,org.onosproject.yang.gen.v1.urn.ietf.params.xml.ns.yang.ietf.network4.ietfnetwork4.networkup,Networks.OnosYangNodeOperationType,78,0,0,0,7,0,4,0,4,0
onos-app-yms,org.onosproject.yang.gen.v1.urn.ietf.params.xml.ns.yang.ietf.network4.ietfnetwork4.networkup,DefaultNetworks,324,0,36,0,74,0,36,0,18,0
onos-app-yms,org.onosproject.yang.gen.v1.urn.ietf.params.xml.ns.yang.ietf.network4.ietfnetwork4.networkup,DefaultNetworks.NetworksBuilder,80,0,0,0,24,0,14,0,14,0
onos-app-yms,org.onosproject.yang.gen.v1.ydt.rootlist.rev20160624.rootlist,Listwithoutcontainer.LeafIdentifier,9,26,0,0,0,6,2,3,2,3
onos-app-yms,org.onosproject.yang.gen.v1.ydt.rootlist.rev20160624.rootlist,Listwithoutcontainer.OnosYangNodeOperationType,0,78,0,0,0,7,0,4,0,4
onos-app-yms,org.onosproject.yang.gen.v1.ydt.rootlist.rev20160624.rootlist,DefaultListwithcontainer.ListwithcontainerBuilder,117,0,2,0,35,0,20,0,19,0
onos-app-yms,org.onosproject.yang.gen.v1.ydt.rootlist.rev20160624.rootlist,Listwithcontainer.OnosYangNodeOperationType,78,0,0,0,7,0,4,0,4,0
onos-app-yms,org.onosproject.yang.gen.v1.ydt.rootlist.rev20160624.rootlist,DefaultListwithoutcontainer.ListwithoutcontainerBuilder,24,48,0,0,7,14,4,8,4,8
onos-app-yms,org.onosproject.yang.gen.v1.ydt.rootlist.rev20160624.rootlist,Listwithcontainer.LeafIdentifier,46,0,0,0,7,0,5,0,5,0
onos-app-yms,org.onosproject.yang.gen.v1.ydt.rootlist.rev20160624.rootlist,DefaultListwithcontainer,520,0,76,0,117,0,59,0,21,0
onos-app-yms,org.onosproject.yang.gen.v1.ydt.rootlist.rev20160624.rootlist,DefaultListwithoutcontainer,231,38,26,0,52,10,28,1,15,1
onos-app-yms,org.onosproject.yang.gen.v1.ych.combined.rev20160524.combined.attributes,DefaultUnrecognizedAttributes,376,74,58,0,74,20,40,8,11,8
onos-app-yms,org.onosproject.yang.gen.v1.ych.combined.rev20160524.combined.attributes,DefaultBgpParameters.BgpParametersBuilder,17,43,0,2,5,13,3,8,3,7
onos-app-yms,org.onosproject.yang.gen.v1.ych.combined.rev20160524.combined.attributes,BgpParameters.OnosYangNodeOperationType,78,0,0,0,7,0,4,0,4,0
onos-app-yms,org.onosproject.yang.gen.v1.ych.combined.rev20160524.combined.attributes,UnrecognizedAttributes.OnosYangNodeOperationType,78,0,0,0,7,0,4,0,4,0
onos-app-yms,org.onosproject.yang.gen.v1.ych.combined.rev20160524.combined.attributes,DefaultOrigin,226,44,28,0,49,12,27,3,13,3
onos-app-yms,org.onosproject.yang.gen.v1.ych.combined.rev20160524.combined.attributes,DefaultAigp,181,26,24,0,44,8,21,3,9,3
onos-app-yms,org.onosproject.yang.gen.v1.ych.combined.rev20160524.combined.attributes,DefaultOrigin.OriginBuilder,24,48,0,0,7,14,4,8,4,8
onos-app-yms,org.onosproject.yang.gen.v1.ych.combined.rev20160524.combined.attributes,DefaultLocalPref,217,53,26,0,47,14,24,5,11,5
onos-app-yms,org.onosproject.yang.gen.v1.ych.combined.rev20160524.combined.attributes,LocalPref.LeafIdentifier,5,30,0,0,0,6,1,4,1,4
onos-app-yms,org.onosproject.yang.gen.v1.ych.combined.rev20160524.combined.attributes,MultiExitDisc.LeafIdentifier,5,30,0,0,0,6,1,4,1,4
onos-app-yms,org.onosproject.yang.gen.v1.ych.combined.rev20160524.combined.attributes,LocalPref.OnosYangNodeOperationType,78,0,0,0,7,0,4,0,4,0
onos-app-yms,org.onosproject.yang.gen.v1.ych.combined.rev20160524.combined.attributes,DefaultUnrecognizedAttributes.UnrecognizedAttributesBuilder,24,87,0,0,7,26,4,14,4,14
onos-app-yms,org.onosproject.yang.gen.v1.ych.combined.rev20160524.combined.attributes,Origin.LeafIdentifier,9,26,0,0,0,6,2,3,2,3
onos-app-yms,org.onosproject.yang.gen.v1.ych.combined.rev20160524.combined.attributes,DefaultAigp.AigpBuilder,17,27,0,0,5,9,3,6,3,6
onos-app-yms,org.onosproject.yang.gen.v1.ych.combined.rev20160524.combined.attributes,DefaultMultiExitDisc.MultiExitDiscBuilder,24,48,0,0,7,14,4,8,4,8
onos-app-yms,org.onosproject.yang.gen.v1.ych.combined.rev20160524.combined.attributes,UnrecognizedAttributes.LeafIdentifier,5,63,0,0,0,9,1,4,1,4
onos-app-yms,org.onosproject.yang.gen.v1.ych.combined.rev20160524.combined.attributes,DefaultMultiExitDisc,217,53,26,0,47,14,24,5,11,5
onos-app-yms,org.onosproject.yang.gen.v1.ych.combined.rev20160524.combined.attributes,Origin.OnosYangNodeOperationType,78,0,0,0,7,0,4,0,4,0
onos-app-yms,org.onosproject.yang.gen.v1.ych.combined.rev20160524.combined.attributes,MultiExitDisc.OnosYangNodeOperationType,78,0,0,0,7,0,4,0,4,0
onos-app-yms,org.onosproject.yang.gen.v1.ych.combined.rev20160524.combined.attributes,DefaultBgpParameters,254,26,42,0,58,8,30,3,9,3
onos-app-yms,org.onosproject.yang.gen.v1.ych.combined.rev20160524.combined.attributes,Aigp.OnosYangNodeOperationType,78,0,0,0,7,0,4,0,4,0
onos-app-yms,org.onosproject.yang.gen.v1.ych.combined.rev20160524.combined.attributes,DefaultLocalPref.LocalPrefBuilder,24,48,0,0,7,14,4,8,4,8
onos-app-yms,org.onosproject.yang.gen.v1.urn.ietf.params.xml.ns.yang.ietf.network4.rev20151208.ietfnetwork4.networkup.networks,DefaultNetwork.NetworkBuilder,72,0,0,0,21,0,12,0,12,0
onos-app-yms,org.onosproject.yang.gen.v1.urn.ietf.params.xml.ns.yang.ietf.network4.rev20151208.ietfnetwork4.networkup.networks,Network.OnosYangNodeOperationType,78,0,0,0,7,0,4,0,4,0
onos-app-yms,org.onosproject.yang.gen.v1.urn.ietf.params.xml.ns.yang.ietf.network4.rev20151208.ietfnetwork4.networkup.networks,Network.LeafIdentifier,35,0,0,0,6,0,5,0,5,0
onos-app-yms,org.onosproject.yang.gen.v1.urn.ietf.params.xml.ns.yang.ietf.network4.rev20151208.ietfnetwork4.networkup.networks,DefaultNetwork,269,0,26,0,61,0,29,0,16,0
onos-app-yms,org.onosproject.yang.gen.v1.urn.ietf.params.xml.ns.yang.ietf.network4.ietfnetwork4.networkup.networks,DefaultNetwork.NetworkBuilder,72,0,0,0,21,0,12,0,12,0
onos-app-yms,org.onosproject.yang.gen.v1.urn.ietf.params.xml.ns.yang.ietf.network4.ietfnetwork4.networkup.networks,DefaultNetwork,269,0,26,0,61,0,29,0,16,0
onos-app-yms,org.onosproject.yang.gen.v1.urn.ietf.params.xml.ns.yang.ietf.network4.ietfnetwork4.networkup.networks,Network.LeafIdentifier,35,0,0,0,6,0,5,0,5,0
onos-app-yms,org.onosproject.yang.gen.v1.urn.ietf.params.xml.ns.yang.ietf.network4.ietfnetwork4.networkup.networks,Network.OnosYangNodeOperationType,78,0,0,0,7,0,4,0,4,0
onos-app-yms,org.onosproject.yang.gen.v1.ydt.material.supervisor.rev20160524,Materialsupervisor.OnosYangNodeOperationType,0,78,0,0,0,7,0,4,0,4
onos-app-yms,org.onosproject.yang.gen.v1.ydt.material.supervisor.rev20160524,MaterialsupervisorOpParam.MaterialsupervisorBuilder,5,35,0,2,2,11,1,7,1,6
onos-app-yms,org.onosproject.yang.gen.v1.ydt.material.supervisor.rev20160524,MaterialsupervisorOpParam,185,21,38,0,42,7,25,4,6,4
onos-app-yms,org.onosproject.yang.gen.v1.ydt.food.rev20160624.food.food.snack.latenight,ChocolateEnum,122,0,18,0,24,0,21,0,9,0
onos-app-yms,org.onosproject.yang.gen.v1.ych.combined.rev20160524.combined.attributes.bgpparameters.optionalcapabilities,Cparameters.OnosYangNodeOperationType,78,0,0,0,7,0,4,0,4,0
onos-app-yms,org.onosproject.yang.gen.v1.ych.combined.rev20160524.combined.attributes.bgpparameters.optionalcapabilities,DefaultCparameters,181,26,24,0,45,8,21,3,9,3
onos-app-yms,org.onosproject.yang.gen.v1.ych.combined.rev20160524.combined.attributes.bgpparameters.optionalcapabilities,DefaultCparameters.CparametersBuilder,17,27,0,0,5,9,3,6,3,6
onos-app-yms,org.onosproject.yms.app.ynh,YangNotificationManager.YnhAbstractListener,42,6,0,0,11,1,2,1,2,1
onos-app-yms,org.onosproject.yms.app.ynh,YangNotificationManager,13,26,0,0,5,7,4,1,4,1
onos-app-yms,org.onosproject.yang.gen.v1.ych.empty.container.rev20160524.emptycontainer,DefaultEmptyContainer.EmptyContainerBuilder,36,0,0,0,11,0,7,0,7,0
onos-app-yms,org.onosproject.yang.gen.v1.ych.empty.container.rev20160524.emptycontainer,EmptyContainer.OnosYangNodeOperationType,78,0,0,0,7,0,4,0,4,0
onos-app-yms,org.onosproject.yang.gen.v1.ych.empty.container.rev20160524.emptycontainer,DefaultEmptyContainer,148,0,12,0,39,0,16,0,10,0
onos-app-yms,org.onosproject.yang.gen.v1.urn.ietf.params.xml.ns.yang.ietf.network1.rev20151208.ietfnetwork1.networkdown.networks,Network.LeafIdentifier,35,0,0,0,6,0,5,0,5,0
onos-app-yms,org.onosproject.yang.gen.v1.urn.ietf.params.xml.ns.yang.ietf.network1.rev20151208.ietfnetwork1.networkdown.networks,DefaultNetwork.NetworkBuilder,72,0,0,0,21,0,12,0,12,0
onos-app-yms,org.onosproject.yang.gen.v1.urn.ietf.params.xml.ns.yang.ietf.network1.rev20151208.ietfnetwork1.networkdown.networks,Network.OnosYangNodeOperationType,78,0,0,0,7,0,4,0,4,0
onos-app-yms,org.onosproject.yang.gen.v1.urn.ietf.params.xml.ns.yang.ietf.network1.rev20151208.ietfnetwork1.networkdown.networks,DefaultNetwork,269,0,26,0,61,0,29,0,16,0
onos-app-yms,org.onosproject.yang.gen.v1.yms.test.ytb.module.with.list.rev20160826.ytbmodulewithlist,DefaultYtblistlist.YtblistlistBuilder,40,43,2,0,11,13,6,8,5,8
onos-app-yms,org.onosproject.yang.gen.v1.yms.test.ytb.module.with.list.rev20160826.ytbmodulewithlist,Ytblistlist.LeafIdentifier,35,0,0,0,6,0,5,0,5,0
onos-app-yms,org.onosproject.yang.gen.v1.yms.test.ytb.module.with.list.rev20160826.ytbmodulewithlist,DefaultYtblistlist,290,44,44,0,66,12,35,3,13,3
onos-app-yms,org.onosproject.yang.gen.v1.yms.test.ytb.module.with.list.rev20160826.ytbmodulewithlist,Find,51,15,4,0,16,6,8,2,6,2
onos-app-yms,org.onosproject.yang.gen.v1.yms.test.ytb.module.with.list.rev20160826.ytbmodulewithlist,Ytblistlist.OnosYangNodeOperationType,78,0,0,0,7,0,4,0,4,0
onos-app-yms,org.onosproject.yms.app.yab.exceptions,YabException,16,0,0,0,8,0,4,0,4,0
onos-app-yms,org.onosproject.yang.gen.v1.urn.ietf.params.xml.ns.yang.ietf.inet.types.rev20130715.ietfinettypes.ipaddressnozone,IpAddressNoZoneUnion,104,0,8,0,33,0,15,0,11,0
onos-app-yms,org.onosproject.yang.gen.v1.urn.ietf.params.xml.ns.yang.ietf.network4.rev20161208.ietfnetwork4,IetfNetwork4EventSubject,17,0,0,0,7,0,5,0,5,0
onos-app-yms,org.onosproject.yang.gen.v1.urn.ietf.params.xml.ns.yang.ietf.network4.rev20161208.ietfnetwork4,DefaultNetworkDown,207,0,24,0,52,0,24,0,12,0
onos-app-yms,org.onosproject.yang.gen.v1.urn.ietf.params.xml.ns.yang.ietf.network4.rev20161208.ietfnetwork4,NetworkUp.OnosYangNodeOperationType,78,0,0,0,7,0,4,0,4,0
onos-app-yms,org.onosproject.yang.gen.v1.urn.ietf.params.xml.ns.yang.ietf.network4.rev20161208.ietfnetwork4,IetfNetwork4Event.Type,38,0,0,0,3,0,4,0,4,0
onos-app-yms,org.onosproject.yang.gen.v1.urn.ietf.params.xml.ns.yang.ietf.network4.rev20161208.ietfnetwork4,DefaultNetworkDown.NetworkDownBuilder,44,0,0,0,14,0,9,0,9,0
onos-app-yms,org.onosproject.yang.gen.v1.urn.ietf.params.xml.ns.yang.ietf.network4.rev20161208.ietfnetwork4,DefaultNetworkUp.NetworkUpBuilder,44,0,0,0,14,0,9,0,9,0
onos-app-yms,org.onosproject.yang.gen.v1.urn.ietf.params.xml.ns.yang.ietf.network4.rev20161208.ietfnetwork4,IetfNetwork4Event,11,0,0,0,4,0,2,0,2,0
onos-app-yms,org.onosproject.yang.gen.v1.urn.ietf.params.xml.ns.yang.ietf.network4.rev20161208.ietfnetwork4,DefaultNetworkUp,207,0,24,0,52,0,24,0,12,0
onos-app-yms,org.onosproject.yang.gen.v1.urn.ietf.params.xml.ns.yang.ietf.network4.rev20161208.ietfnetwork4,NetworkDown.OnosYangNodeOperationType,78,0,0,0,7,0,4,0,4,0
onos-app-yms,org.onosproject.yang.gen.v1.yms.test.ytb.tree.builder.yangautoprefixfor.list.having.list.rev20160826,YtbTreeBuilderForListHavingListOpParam.YtbTreeBuilderForListHavingListBuilder,5,19,0,0,2,7,1,5,1,5
onos-app-yms,org.onosproject.yang.gen.v1.yms.test.ytb.tree.builder.yangautoprefixfor.list.having.list.rev20160826,YtbTreeBuilderForListHavingList.OnosYangNodeOperationType,78,0,0,0,7,0,4,0,4,0
onos-app-yms,org.onosproject.yang.gen.v1.yms.test.ytb.tree.builder.yangautoprefixfor.list.having.list.rev20160826,YtbTreeBuilderForListHavingListOpParam,116,17,20,0,30,6,17,3,7,3
onos-app-yms,org.onosproject.yang.gen.v1.urn.ietf.params.xml.ns.yang.ietf.network4.rev20161208,IetfNetwork4.OnosYangNodeOperationType,78,0,0,0,7,0,4,0,4,0
onos-app-yms,org.onosproject.yang.gen.v1.urn.ietf.params.xml.ns.yang.ietf.network4.rev20161208,IetfNetwork4OpParam,85,0,10,0,26,0,14,0,9,0
onos-app-yms,org.onosproject.yang.gen.v1.urn.ietf.params.xml.ns.yang.ietf.network4.rev20161208,IetfNetwork4OpParam.IetfNetwork4Builder,16,0,0,0,6,0,4,0,4,0
onos-app-yms,org.onosproject.yang.gen.v1.ydt.purchasing.supervisor.rev20160524,PurchasingsupervisorOpParam,122,11,20,0,32,4,19,1,9,1
onos-app-yms,org.onosproject.yang.gen.v1.ydt.purchasing.supervisor.rev20160524,PurchasingsupervisorOpParam.PurchasingsupervisorBuilder,5,19,0,0,2,7,1,5,1,5
onos-app-yms,org.onosproject.yang.gen.v1.ydt.purchasing.supervisor.rev20160524,Purchasingsupervisor.OnosYangNodeOperationType,0,78,0,0,0,7,0,4,0,4
onos-app-yms,org.onosproject.yang.gen.v1.urn.ietf.params.xml.ns.yang.ietf.inet.types.rev20130715.ietfinettypes.ipprefix,IpPrefixUnion,104,0,8,0,33,0,15,0,11,0
onos-app-yms,org.onosproject.yang.gen.v1.urn.ietf.params.xml.ns.yang.ietf.inet.types.rev20130715.ietfinettypes.ipversion,IpVersionEnum,122,0,18,0,24,0,21,0,9,0
onos-app-yms,org.onosproject.yang.gen.v1.ydt.integer8.rev20160524,Integer8.LeafIdentifier,9,125,0,0,0,15,2,3,2,3
onos-app-yms,org.onosproject.yang.gen.v1.ydt.integer8.rev20160524,Integer8OpParam.Integer8Builder,12,181,0,2,4,55,2,29,2,28
onos-app-yms,org.onosproject.yang.gen.v1.ydt.integer8.rev20160524,Integer8OpParam,794,69,140,0,161,18,94,1,24,1
onos-app-yms,org.onosproject.yang.gen.v1.ydt.integer8.rev20160524,Integer8.OnosYangNodeOperationType,0,78,0,0,0,7,0,4,0,4
onos-app-yms,org.onosproject.yang.gen.v1.ydt.enumtest.rev20160524,EnumtestOpParam.EnumtestBuilder,5,35,0,2,2,11,1,7,1,6
onos-app-yms,org.onosproject.yang.gen.v1.ydt.enumtest.rev20160524,Enumtest.OnosYangNodeOperationType,0,78,0,0,0,7,0,4,0,4
onos-app-yms,org.onosproject.yang.gen.v1.ydt.enumtest.rev20160524,EnumtestOpParam,195,11,38,0,45,4,28,1,9,1
onos-app-yms,org.onosproject.yang.gen.v1.ydt.yangautoprefixboolean.rev20160524.bool,BooleanList.OnosYangNodeOperationType,0,78,0,0,0,7,0,4,0,4
onos-app-yms,org.onosproject.yang.gen.v1.ydt.yangautoprefixboolean.rev20160524.bool,DefaultBooleanList,231,38,26,0,52,10,28,1,15,1
onos-app-yms,org.onosproject.yang.gen.v1.ydt.yangautoprefixboolean.rev20160524.bool,BooleanList.LeafIdentifier,9,26,0,0,0,6,2,3,2,3
onos-app-yms,org.onosproject.yang.gen.v1.ydt.yangautoprefixboolean.rev20160524.bool,DefaultBooleanList.BooleanListBuilder,24,48,0,0,7,14,4,8,4,8
onos-app-yms,org.onosproject.yang.gen.v1.ydt.merchandiser.supervisor.rev20160524,Merchandisersupervisor.OnosYangNodeOperationType,0,78,0,0,0,7,0,4,0,4
onos-app-yms,org.onosproject.yang.gen.v1.ydt.merchandiser.supervisor.rev20160524,MerchandisersupervisorOpParam.MerchandisersupervisorBuilder,12,40,0,0,4,12,2,7,2,7
onos-app-yms,org.onosproject.yang.gen.v1.ydt.merchandiser.supervisor.rev20160524,MerchandisersupervisorOpParam,157,39,24,0,34,11,22,4,10,4
onos-app-yms,org.onosproject.yang.gen.v1.ydt.merchandiser.supervisor.rev20160524,Merchandisersupervisor.LeafIdentifier,9,26,0,0,0,6,2,3,2,3
onos-app-yms,org.onosproject.yang.gen.v1.yms.test.ytb.derived.type.with.bits.and.binary.rev20160826.ytbderivedtypewithbitsandbinary,ForunionUnion,88,20,8,0,25,8,13,2,9,2
onos-app-yms,org.onosproject.yang.gen.v1.yms.test.ytb.derived.type.with.bits.and.binary.rev20160826.ytbderivedtypewithbitsandbinary,Derivedbitsa,48,15,4,0,16,6,8,2,6,2
onos-app-yms,org.onosproject.yang.gen.v1.yms.test.ytb.derived.type.with.bits.and.binary.rev20160826.ytbderivedtypewithbitsandbinary,Derivedbitsb,90,10,6,0,23,4,9,2,6,2
onos-app-yms,org.onosproject.yang.gen.v1.yms.test.ytb.derived.type.with.bits.and.binary.rev20160826.ytbderivedtypewithbitsandbinary,Derivedbinarya,48,15,4,0,16,6,8,2,6,2
onos-app-yms,org.onosproject.yang.gen.v1.yms.test.ytb.derived.type.with.bits.and.binary.rev20160826.ytbderivedtypewithbitsandbinary,Derivedbinaryb,49,11,4,0,16,4,8,2,6,2
onos-app-yms,org.onosproject.yang.gen.v1.urn.ietf.params.xml.ns.yang.ietf.network4.ietfnetwork4.networkdown,Networks.OnosYangNodeOperationType,78,0,0,0,7,0,4,0,4,0
onos-app-yms,org.onosproject.yang.gen.v1.urn.ietf.params.xml.ns.yang.ietf.network4.ietfnetwork4.networkdown,DefaultNetworks,324,0,36,0,74,0,36,0,18,0
onos-app-yms,org.onosproject.yang.gen.v1.urn.ietf.params.xml.ns.yang.ietf.network4.ietfnetwork4.networkdown,Networks.LeafIdentifier,35,0,0,0,6,0,5,0,5,0
onos-app-yms,org.onosproject.yang.gen.v1.urn.ietf.params.xml.ns.yang.ietf.network4.ietfnetwork4.networkdown,DefaultNetworks.NetworksBuilder,80,0,0,0,24,0,14,0,14,0
onos-app-yms,org.onosproject.yang.gen.v1.ydt.integer32.rev20160524.integer32,MultiRangeValidation.OnosYangNodeOperationType,0,78,0,0,0,7,0,4,0,4
onos-app-yms,org.onosproject.yang.gen.v1.ydt.integer32.rev20160524.integer32,DefaultMultiRangeValidation,401,50,56,0,81,13,46,1,18,1
onos-app-yms,org.onosproject.yang.gen.v1.ydt.integer32.rev20160524.integer32,MultiRangeValidation.LeafIdentifier,9,59,0,0,0,9,2,3,2,3
onos-app-yms,org.onosproject.yang.gen.v1.ydt.integer32.rev20160524.integer32,DefaultMultiRangeValidation.MultiRangeValidationBuilder,24,87,0,0,7,26,4,14,4,14
onos-app-yms,org.onosproject.yang.gen.v1.ydt.integer16.rev20160524.integer16,DefaultMultiRangeValidation,399,50,56,0,81,13,46,1,18,1
onos-app-yms,org.onosproject.yang.gen.v1.ydt.integer16.rev20160524.integer16,MultiRangeValidation.OnosYangNodeOperationType,0,78,0,0,0,7,0,4,0,4
onos-app-yms,org.onosproject.yang.gen.v1.ydt.integer16.rev20160524.integer16,DefaultMultiRangeValidation.MultiRangeValidationBuilder,24,87,0,0,7,26,4,14,4,14
onos-app-yms,org.onosproject.yang.gen.v1.ydt.integer16.rev20160524.integer16,MultiRangeValidation.LeafIdentifier,9,59,0,0,0,9,2,3,2,3
onos-app-yms,org.onosproject.yang.gen.v1.urn.ietf.params.xml.ns.yang.ietf.network2.rev20151208.ietfnetwork2.networkdown.networks,Network.LeafIdentifier,35,0,0,0,6,0,5,0,5,0
onos-app-yms,org.onosproject.yang.gen.v1.urn.ietf.params.xml.ns.yang.ietf.network2.rev20151208.ietfnetwork2.networkdown.networks,DefaultNetwork,269,0,26,0,61,0,29,0,16,0
onos-app-yms,org.onosproject.yang.gen.v1.urn.ietf.params.xml.ns.yang.ietf.network2.rev20151208.ietfnetwork2.networkdown.networks,DefaultNetwork.NetworkBuilder,72,0,0,0,21,0,12,0,12,0
onos-app-yms,org.onosproject.yang.gen.v1.urn.ietf.params.xml.ns.yang.ietf.network2.rev20151208.ietfnetwork2.networkdown.networks,Network.OnosYangNodeOperationType,78,0,0,0,7,0,4,0,4,0
onos-app-yms,org.onosproject.yang.gen.v1.urn.ietf.params.xml.ns.yang.ietf.network4.rev20161208.ietfnetwork4.networkdown.networks,Network.LeafIdentifier,35,0,0,0,6,0,5,0,5,0
onos-app-yms,org.onosproject.yang.gen.v1.urn.ietf.params.xml.ns.yang.ietf.network4.rev20161208.ietfnetwork4.networkdown.networks,DefaultNetwork,269,0,26,0,61,0,29,0,16,0
onos-app-yms,org.onosproject.yang.gen.v1.urn.ietf.params.xml.ns.yang.ietf.network4.rev20161208.ietfnetwork4.networkdown.networks,DefaultNetwork.NetworkBuilder,72,0,0,0,21,0,12,0,12,0
onos-app-yms,org.onosproject.yang.gen.v1.urn.ietf.params.xml.ns.yang.ietf.network4.rev20161208.ietfnetwork4.networkdown.networks,Network.OnosYangNodeOperationType,78,0,0,0,7,0,4,0,4,0
onos-app-yms,org.onosproject.yang.gen.v1.yms.test.ytb.module.with.leaf.ietfschedule.rev20160826,YtbIetfSchedule.LeafIdentifier,5,41,0,0,0,7,1,4,1,4
onos-app-yms,org.onosproject.yang.gen.v1.yms.test.ytb.module.with.leaf.ietfschedule.rev20160826,YtbIetfSchedule.OnosYangNodeOperationType,9,69,0,0,0,7,2,2,2,2
onos-app-yms,org.onosproject.yang.gen.v1.yms.test.ytb.module.with.leaf.ietfschedule.rev20160826,YtbIetfScheduleOpParam,382,65,74,0,82,18,48,8,11,8
onos-app-yms,org.onosproject.yang.gen.v1.yms.test.ytb.module.with.leaf.ietfschedule.rev20160826,YtbIetfScheduleOpParam.YtbIetfScheduleBuilder,28,69,2,0,8,22,4,13,3,13
onos-app-yms,org.onosproject.yang.gen.v1.yms.test.ytb.multi.notification.with.container.rev20160826,YtbMultiNotificationWithContainerOpParam.YtbMultiNotificationWithContainerBuilder,16,0,0,0,6,0,4,0,4,0
onos-app-yms,org.onosproject.yang.gen.v1.yms.test.ytb.multi.notification.with.container.rev20160826,YtbMultiNotificationWithContainerOpParam,85,0,10,0,26,0,14,0,9,0
onos-app-yms,org.onosproject.yang.gen.v1.yms.test.ytb.multi.notification.with.container.rev20160826,YtbMultiNotificationWithContainer.OnosYangNodeOperationType,78,0,0,0,7,0,4,0,4,0
onos-app-yms,org.onosproject.yang.gen.v1.ydt.customs.supervisor.rev20160524,Customssupervisor.LeafIdentifier,9,26,0,0,0,6,2,3,2,3
onos-app-yms,org.onosproject.yang.gen.v1.ydt.customs.supervisor.rev20160524,CustomssupervisorOpParam,157,39,24,0,34,11,22,4,10,4
onos-app-yms,org.onosproject.yang.gen.v1.ydt.customs.supervisor.rev20160524,Customssupervisor.OnosYangNodeOperationType,0,78,0,0,0,7,0,4,0,4
onos-app-yms,org.onosproject.yang.gen.v1.ydt.customs.supervisor.rev20160524,CustomssupervisorOpParam.CustomssupervisorBuilder,12,40,0,0,4,12,2,7,2,7
onos-app-yms,org.onosproject.yang.gen.v1.yms.test.ytb.module.with.container.rev20160826.ytbmodulewithcontainer,DefaultSched.SchedBuilder,19,53,0,0,5,16,3,9,3,9
onos-app-yms,org.onosproject.yang.gen.v1.yms.test.ytb.module.with.container.rev20160826.ytbmodulewithcontainer,Sched.OnosYangNodeOperationType,9,69,0,0,0,7,2,2,2,2
onos-app-yms,org.onosproject.yang.gen.v1.yms.test.ytb.module.with.container.rev20160826.ytbmodulewithcontainer,Sched.LeafIdentifier,5,30,0,0,0,6,1,4,1,4
onos-app-yms,org.onosproject.yang.gen.v1.yms.test.ytb.module.with.container.rev20160826.ytbmodulewithcontainer,DefaultSched,213,53,26,0,47,14,24,5,11,5
onos-app-yms,org.onosproject.yang.gen.v1.ydt.purchasing.supervisor.rev20160524.purchasingsupervisor,DefaultSupervisor,289,42,40,0,63,11,36,1,16,1
onos-app-yms,org.onosproject.yang.gen.v1.ydt.purchasing.supervisor.rev20160524.purchasingsupervisor,DefaultSupervisor.SupervisorBuilder,24,61,0,0,7,18,4,10,4,10
onos-app-yms,org.onosproject.yang.gen.v1.ydt.purchasing.supervisor.rev20160524.purchasingsupervisor,Supervisor.LeafIdentifier,9,37,0,0,0,7,2,3,2,3
onos-app-yms,org.onosproject.yang.gen.v1.ydt.purchasing.supervisor.rev20160524.purchasingsupervisor,Supervisor.OnosYangNodeOperationType,0,78,0,0,0,7,0,4,0,4
onos-app-yms,org.onosproject.yang.gen.v1.ydt.yangautoprefixboolean.rev20160524,Bool.OnosYangNodeOperationType,0,78,0,0,0,7,0,4,0,4
onos-app-yms,org.onosproject.yang.gen.v1.ydt.yangautoprefixboolean.rev20160524,BoolOpParam.BoolBuilder,5,35,0,2,2,11,1,7,1,6
onos-app-yms,org.onosproject.yang.gen.v1.ydt.yangautoprefixboolean.rev20160524,BoolOpParam,195,11,38,0,45,4,28,1,9,1
onos-app-yms,org.onosproject.yang.gen.v1.ydt.test6.rev20160524.test6.cont4.augmentedcont4,Cont6.OnosYangNodeOperationType,78,0,0,0,7,0,4,0,4,0
onos-app-yms,org.onosproject.yang.gen.v1.ydt.test6.rev20160524.test6.cont4.augmentedcont4,DefaultCont6,270,0,28,0,61,0,30,0,16,0
onos-app-yms,org.onosproject.yang.gen.v1.ydt.test6.rev20160524.test6.cont4.augmentedcont4,DefaultCont6.Cont6Builder,72,0,0,0,21,0,12,0,12,0
onos-app-yms,org.onosproject.yang.gen.v1.ydt.test6.rev20160524.test6.cont4.augmentedcont4,Cont6.LeafIdentifier,35,0,0,0,6,0,5,0,5,0
onos-app-yms,org.onosproject.yang.gen.v1.ydt.bit.rev20160524,Bit.OnosYangNodeOperationType,78,0,0,0,7,0,4,0,4,0
onos-app-yms,org.onosproject.yang.gen.v1.ydt.bit.rev20160524,BitOpParam.BitBuilder,40,0,2,0,13,0,8,0,7,0
onos-app-yms,org.onosproject.yang.gen.v1.ydt.bit.rev20160524,BitOpParam,206,0,38,0,49,0,29,0,10,0
onos-app-yms,org.onosproject.yms.app.yob,YobHandlerFactory,8,26,1,4,4,6,2,5,1,2
onos-app-yms,org.onosproject.yms.app.yob,YobHandler.new Object() {...},18,113,0,0,0,1,0,1,0,1
onos-app-yms,org.onosproject.yms.app.yob,YobSingleInstanceLeafHandler,11,69,0,0,2,28,0,5,0,5
onos-app-yms,org.onosproject.yms.app.yob,YobBuilderContainer,119,113,8,4,41,38,7,10,2,9
onos-app-yms,org.onosproject.yms.app.yob,YobBuilderOrBuiltObject,75,85,8,8,14,32,8,10,0,10
onos-app-yms,org.onosproject.yms.app.yob,YobHandlerFactory.new Object() {...},4,29,0,0,0,1,0,1,0,1
onos-app-yms,org.onosproject.yms.app.yob,YobListener,15,55,2,4,5,25,4,8,2,7
onos-app-yms,org.onosproject.yms.app.yob,YobMultiInstanceHandler,0,3,0,0,0,1,0,1,0,1
onos-app-yms,org.onosproject.yms.app.yob,DefaultYobBuilder,2,28,1,1,1,10,1,2,0,2
onos-app-yms,org.onosproject.yms.app.yob,YobNodeContextInfo,10,0,0,0,4,0,3,0,3,0
onos-app-yms,org.onosproject.yms.app.yob,YobSingleInstanceHandler,0,3,0,0,0,1,0,1,0,1
onos-app-yms,org.onosproject.yms.app.yob,YobMultiInstanceLeafHandler,12,99,0,2,3,36,0,6,0,5
onos-app-yms,org.onosproject.yms.app.yob,YobHandler,82,543,14,33,20,166,14,26,0,10
onos-app-yms,org.onosproject.yms.app.yob,YobConstants,3,0,0,0,2,0,1,0,1,0
onos-app-yms,org.onosproject.yang.gen.v1.ydt.integer64.rev20160524.integer64,MultiRangeValidation.OnosYangNodeOperationType,0,78,0,0,0,7,0,4,0,4
onos-app-yms,org.onosproject.yang.gen.v1.ydt.integer64.rev20160524.integer64,DefaultMultiRangeValidation,395,50,56,0,81,13,46,1,18,1
onos-app-yms,org.onosproject.yang.gen.v1.ydt.integer64.rev20160524.integer64,MultiRangeValidation.LeafIdentifier,9,59,0,0,0,9,2,3,2,3
onos-app-yms,org.onosproject.yang.gen.v1.ydt.integer64.rev20160524.integer64,DefaultMultiRangeValidation.MultiRangeValidationBuilder,24,87,0,0,7,26,4,14,4,14
onos-app-yms,org.onosproject.yang.gen.v1.ych.combined.rev20160524.combined.attributes.bgpparameters,OptionalCapabilities.OnosYangNodeOperationType,78,0,0,0,7,0,4,0,4,0
onos-app-yms,org.onosproject.yang.gen.v1.ych.combined.rev20160524.combined.attributes.bgpparameters,DefaultOptionalCapabilities,181,26,24,0,44,8,21,3,9,3
onos-app-yms,org.onosproject.yang.gen.v1.ych.combined.rev20160524.combined.attributes.bgpparameters,DefaultOptionalCapabilities.OptionalCapabilitiesBuilder,17,27,0,0,5,9,3,6,3,6
onos-app-yms,org.onosproject.yang.gen.v1.yms.test.ytb.module.with.container.rev20160826,YtbModuleWithContainer.OnosYangNodeOperationType,9,69,0,0,0,7,2,2,2,2
onos-app-yms,org.onosproject.yang.gen.v1.yms.test.ytb.module.with.container.rev20160826,YtbModuleWithContainerOpParam.YtbModuleWithContainerBuilder,0,24,0,0,0,9,0,6,0,6
onos-app-yms,org.onosproject.yang.gen.v1.yms.test.ytb.module.with.container.rev20160826,YtbModuleWithContainerOpParam,116,17,20,0,30,6,17,3,7,3
onos-app-yms,org.onosproject.yms.app.ymsm,YmsManager,130,74,10,0,28,17,21,4,15,4
onos-app-yms,org.onosproject.yms.app.ymsm,YmsManager.new Object() {...},33,0,0,0,1,0,1,0,1,0
onos-app-yms,org.onosproject.yang.gen.v1.yms.test.ytb.derived.type.with.bits.and.binary.rev20160826,YtbDerivedTypeWithBitsAndBinary.LeafIdentifier,9,48,0,0,0,8,2,3,2,3
onos-app-yms,org.onosproject.yang.gen.v1.yms.test.ytb.derived.type.with.bits.and.binary.rev20160826,YtbDerivedTypeWithBitsAndBinaryOpParam,527,63,108,0,111,18,67,7,13,7
onos-app-yms,org.onosproject.yang.gen.v1.yms.test.ytb.derived.type.with.bits.and.binary.rev20160826,YtbDerivedTypeWithBitsAndBinaryOpParam.YtbDerivedTypeWithBitsAndBinaryBuilder,44,82,4,0,12,26,6,15,4,15
onos-app-yms,org.onosproject.yang.gen.v1.yms.test.ytb.derived.type.with.bits.and.binary.rev20160826,YtbDerivedTypeWithBitsAndBinary.OnosYangNodeOperationType,78,0,0,0,7,0,4,0,4,0
onos-app-yms,org.onosproject.yang.gen.v1.urn.ietf.params.xml.ns.yang.ietf.network4.rev20161208.ietfnetwork4.networkup,Networks.OnosYangNodeOperationType,78,0,0,0,7,0,4,0,4,0
onos-app-yms,org.onosproject.yang.gen.v1.urn.ietf.params.xml.ns.yang.ietf.network4.rev20161208.ietfnetwork4.networkup,Networks.LeafIdentifier,35,0,0,0,6,0,5,0,5,0
onos-app-yms,org.onosproject.yang.gen.v1.urn.ietf.params.xml.ns.yang.ietf.network4.rev20161208.ietfnetwork4.networkup,DefaultNetworks.NetworksBuilder,80,0,0,0,24,0,14,0,14,0
onos-app-yms,org.onosproject.yang.gen.v1.urn.ietf.params.xml.ns.yang.ietf.network4.rev20161208.ietfnetwork4.networkup,DefaultNetworks,324,0,36,0,74,0,36,0,18,0
onos-app-yms,org.onosproject.yang.gen.v1.ydt.decimal64.rev20160524.decimal64,DefaultMultiRangeValidation,281,42,36,0,61,11,34,1,16,1
onos-app-yms,org.onosproject.yang.gen.v1.ydt.decimal64.rev20160524.decimal64,DefaultMultiRangeValidation.MultiRangeValidationBuilder,24,61,0,0,7,18,4,10,4,10
onos-app-yms,org.onosproject.yang.gen.v1.ydt.decimal64.rev20160524.decimal64,MultiRangeValidation.LeafIdentifier,9,37,0,0,0,7,2,3,2,3
onos-app-yms,org.onosproject.yang.gen.v1.ydt.decimal64.rev20160524.decimal64,MultiRangeValidation.OnosYangNodeOperationType,0,78,0,0,0,7,0,4,0,4
onos-app-yms,org.onosproject.yang.gen.v1.ych.combined.rev20160524.combined.attributes.aigp,AigpTlv.LeafIdentifier,9,26,0,0,0,6,2,3,2,3
onos-app-yms,org.onosproject.yang.gen.v1.ych.combined.rev20160524.combined.attributes.aigp,DefaultAigpTlv,226,44,28,0,49,12,27,3,13,3
onos-app-yms,org.onosproject.yang.gen.v1.ych.combined.rev20160524.combined.attributes.aigp,AigpTlv.OnosYangNodeOperationType,78,0,0,0,7,0,4,0,4,0
onos-app-yms,org.onosproject.yang.gen.v1.ych.combined.rev20160524.combined.attributes.aigp,DefaultAigpTlv.AigpTlvBuilder,24,48,0,0,7,14,4,8,4,8
onos-app-yms,org.onosproject.yang.gen.v1.urn.ietf.params.xml.ns.yang.ietf.network4,IetfNetwork4.OnosYangNodeOperationType,78,0,0,0,7,0,4,0,4,0
onos-app-yms,org.onosproject.yang.gen.v1.urn.ietf.params.xml.ns.yang.ietf.network4,IetfNetwork4OpParam.IetfNetwork4Builder,16,0,0,0,6,0,4,0,4,0
onos-app-yms,org.onosproject.yang.gen.v1.urn.ietf.params.xml.ns.yang.ietf.network4,IetfNetwork4OpParam,85,0,10,0,26,0,14,0,9,0
onos-app-yms,org.onosproject.yang.gen.v1.urn.ietf.params.xml.ns.yang.ietf.network4.rev20161208.ietfnetwork4.networkdown,Networks.LeafIdentifier,35,0,0,0,6,0,5,0,5,0
onos-app-yms,org.onosproject.yang.gen.v1.urn.ietf.params.xml.ns.yang.ietf.network4.rev20161208.ietfnetwork4.networkdown,DefaultNetworks,324,0,36,0,74,0,36,0,18,0
onos-app-yms,org.onosproject.yang.gen.v1.urn.ietf.params.xml.ns.yang.ietf.network4.rev20161208.ietfnetwork4.networkdown,Networks.OnosYangNodeOperationType,78,0,0,0,7,0,4,0,4,0
onos-app-yms,org.onosproject.yang.gen.v1.urn.ietf.params.xml.ns.yang.ietf.network4.rev20161208.ietfnetwork4.networkdown,DefaultNetworks.NetworksBuilder,80,0,0,0,24,0,14,0,14,0
onos-app-yms,org.onosproject.yang.gen.v1.ych.combined.rev20160524.combined.attributes.bgpparameters.optionalcapabilities.cparameters,DefaultAs4BytesCapability,226,44,28,0,49,12,27,3,13,3
onos-app-yms,org.onosproject.yang.gen.v1.ych.combined.rev20160524.combined.attributes.bgpparameters.optionalcapabilities.cparameters,As4BytesCapability.LeafIdentifier,9,26,0,0,0,6,2,3,2,3
onos-app-yms,org.onosproject.yang.gen.v1.ych.combined.rev20160524.combined.attributes.bgpparameters.optionalcapabilities.cparameters,DefaultAs4BytesCapability.As4BytesCapabilityBuilder,24,48,0,0,7,14,4,8,4,8
onos-app-yms,org.onosproject.yang.gen.v1.ych.combined.rev20160524.combined.attributes.bgpparameters.optionalcapabilities.cparameters,As4BytesCapability.OnosYangNodeOperationType,78,0,0,0,7,0,4,0,4,0
onos-app-yms,org.onosproject.yang.gen.v1.ydt.test6.rev20160524,Test6OpParam,356,56,68,0,75,16,46,6,12,6
onos-app-yms,org.onosproject.yang.gen.v1.ydt.test6.rev20160524,Test6.OnosYangNodeOperationType,0,78,0,0,0,7,0,4,0,4
onos-app-yms,org.onosproject.yang.gen.v1.ydt.test6.rev20160524,Test6.LeafIdentifier,9,26,0,0,0,6,2,3,2,3
onos-app-yms,org.onosproject.yang.gen.v1.ydt.test6.rev20160524,Test6OpParam.Test6Builder,12,80,1,1,4,25,3,14,2,14
onos-app-yms,org.onosproject.yang.gen.v1.yms.test.ytb.multi.module.a.rev20160826.ytbmultimodulea,DefaultYtbmultilist.YtbmultilistBuilder,40,43,2,0,11,13,6,8,5,8
onos-app-yms,org.onosproject.yang.gen.v1.yms.test.ytb.multi.module.a.rev20160826.ytbmultimodulea,Ytbmultilist.OnosYangNodeOperationType,78,0,0,0,7,0,4,0,4,0
onos-app-yms,org.onosproject.yang.gen.v1.yms.test.ytb.multi.module.a.rev20160826.ytbmultimodulea,DefaultYtbmultilist,290,44,44,0,66,12,35,3,13,3
onos-app-yms,org.onosproject.yang.gen.v1.yms.test.ytb.multi.module.a.rev20160826.ytbmultimodulea,Ytbmultilist.LeafIdentifier,35,0,0,0,6,0,5,0,5,0
onos-app-yms,org.onosproject.yang.gen.v1.ydt.trading.supervisor.rev20160524,Tradingsupervisor.OnosYangNodeOperationType,0,78,0,0,0,7,0,4,0,4
onos-app-yms,org.onosproject.yang.gen.v1.ydt.trading.supervisor.rev20160524,Tradingsupervisor.LeafIdentifier,9,26,0,0,0,6,2,3,2,3
onos-app-yms,org.onosproject.yang.gen.v1.ydt.trading.supervisor.rev20160524,TradingsupervisorOpParam.TradingsupervisorBuilder,12,40,0,0,4,12,2,7,2,7
onos-app-yms,org.onosproject.yang.gen.v1.ydt.trading.supervisor.rev20160524,TradingsupervisorOpParam,157,39,24,0,34,11,22,4,10,4
onos-app-yms,org.onosproject.yang.gen.v1.ydt.integer32.rev20160524,Integer32OpParam,799,69,140,0,161,18,94,1,24,1
onos-app-yms,org.onosproject.yang.gen.v1.ydt.integer32.rev20160524,Integer32.LeafIdentifier,9,125,0,0,0,15,2,3,2,3
onos-app-yms,org.onosproject.yang.gen.v1.ydt.integer32.rev20160524,Integer32OpParam.Integer32Builder,12,181,0,2,4,55,2,29,2,28
onos-app-yms,org.onosproject.yang.gen.v1.ydt.integer32.rev20160524,Integer32.OnosYangNodeOperationType,0,78,0,0,0,7,0,4,0,4
onos-app-yms,org.onosproject.yang.gen.v1.urn.ietf.params.xml.ns.yang.ietf.network4.rev20151208.ietfnetwork4.networkdown.networks,DefaultNetwork.NetworkBuilder,72,0,0,0,21,0,12,0,12,0
onos-app-yms,org.onosproject.yang.gen.v1.urn.ietf.params.xml.ns.yang.ietf.network4.rev20151208.ietfnetwork4.networkdown.networks,Network.LeafIdentifier,35,0,0,0,6,0,5,0,5,0
onos-app-yms,org.onosproject.yang.gen.v1.urn.ietf.params.xml.ns.yang.ietf.network4.rev20151208.ietfnetwork4.networkdown.networks,Network.OnosYangNodeOperationType,78,0,0,0,7,0,4,0,4,0
onos-app-yms,org.onosproject.yang.gen.v1.urn.ietf.params.xml.ns.yang.ietf.network4.rev20151208.ietfnetwork4.networkdown.networks,DefaultNetwork,269,0,26,0,61,0,29,0,16,0
onos-app-yms,org.onosproject.yang.gen.v1.ydt.binarytest.rev20160524.binarytest,BinaryList.LeafIdentifier,57,0,0,0,8,0,5,0,5,0
onos-app-yms,org.onosproject.yang.gen.v1.ydt.binarytest.rev20160524.binarytest,DefaultBinaryList,392,0,52,0,86,0,44,0,18,0
onos-app-yms,org.onosproject.yang.gen.v1.ydt.binarytest.rev20160524.binarytest,DefaultBinaryList.BinaryListBuilder,98,0,0,0,29,0,16,0,16,0
onos-app-yms,org.onosproject.yang.gen.v1.ydt.binarytest.rev20160524.binarytest,BinaryList.OnosYangNodeOperationType,78,0,0,0,7,0,4,0,4,0
onos-app-yms,org.onosproject.yang.gen.v1.urn.ietf.params.xml.ns.yang.ietf.network4.rev20141208.ietfnetwork4.networkdown,DefaultNetworks.NetworksBuilder,80,0,0,0,24,0,14,0,14,0
onos-app-yms,org.onosproject.yang.gen.v1.urn.ietf.params.xml.ns.yang.ietf.network4.rev20141208.ietfnetwork4.networkdown,Networks.LeafIdentifier,35,0,0,0,6,0,5,0,5,0
onos-app-yms,org.onosproject.yang.gen.v1.urn.ietf.params.xml.ns.yang.ietf.network4.rev20141208.ietfnetwork4.networkdown,Networks.OnosYangNodeOperationType,78,0,0,0,7,0,4,0,4,0
onos-app-yms,org.onosproject.yang.gen.v1.urn.ietf.params.xml.ns.yang.ietf.network4.rev20141208.ietfnetwork4.networkdown,DefaultNetworks,324,0,36,0,74,0,36,0,18,0
onos-app-yms,org.onosproject.yms.app.ych.codecutils,YchException,12,4,0,0,6,2,3,1,3,1
onos-app-yms,org.onosproject.yms.app.ych.codecutils,XmlCodecSingleInstanceLeafHandler,0,10,0,0,0,3,0,2,0,2
onos-app-yms,org.onosproject.yms.app.ych.codecutils,CodecHandlerFactory.new Object() {...},4,29,0,0,0,1,0,1,0,1
onos-app-yms,org.onosproject.yms.app.ych.codecutils,YchYangDataTreeCodec,19,260,10,32,7,76,11,24,1,11
onos-app-yms,org.onosproject.yms.app.ych.codecutils,XmlNodeType,9,29,0,0,0,3,2,2,2,2
onos-app-yms,org.onosproject.yms.app.ych.codecutils,XmlCodecSingleInstanceHandler,0,3,0,0,0,1,0,1,0,1
onos-app-yms,org.onosproject.yms.app.ych.codecutils,CodecHandlerFactory,8,46,5,8,4,14,6,5,1,2
onos-app-yms,org.onosproject.yms.app.ych.codecutils,CodecUtilConstants,3,0,0,0,2,0,1,0,1,0
onos-app-yms,org.onosproject.yms.app.ych.codecutils,XmlCodecListener,0,88,6,14,0,27,6,9,0,5
onos-app-yms,org.onosproject.yms.app.ych.codecutils,CodecYdtListener,7,63,2,6,5,21,5,10,3,8
onos-app-yms,org.onosproject.yms.app.ych.codecutils,XmlCodecHandler,14,62,5,7,3,19,4,6,0,4
onos-app-yms,org.onosproject.yms.app.ych.codecutils,XmlCodecMultiInstanceHandler,0,3,0,0,0,1,0,1,0,1
onos-app-yms,org.onosproject.yms.app.ych.codecutils,XmlCodecMultiInstanceLeafHandler,1,45,1,3,1,12,1,3,0,2
onos-app-yms,org.onosproject.yms.app.ych.codecutils,DefaultXmlCodecWalker,8,56,2,8,3,14,2,6,0,3
onos-app-yms,org.onosproject.yang.gen.v1.urn.ietf.params.xml.ns.yang.ietf.network3.rev20151208.ietfnetwork3.networks,Network.LeafIdentifier,35,0,0,0,6,0,5,0,5,0
onos-app-yms,org.onosproject.yang.gen.v1.urn.ietf.params.xml.ns.yang.ietf.network3.rev20151208.ietfnetwork3.networks,DefaultNetwork.NetworkBuilder,72,0,0,0,21,0,12,0,12,0
onos-app-yms,org.onosproject.yang.gen.v1.urn.ietf.params.xml.ns.yang.ietf.network3.rev20151208.ietfnetwork3.networks,DefaultNetwork,269,0,26,0,61,0,29,0,16,0
onos-app-yms,org.onosproject.yang.gen.v1.urn.ietf.params.xml.ns.yang.ietf.network3.rev20151208.ietfnetwork3.networks,Network.OnosYangNodeOperationType,78,0,0,0,7,0,4,0,4,0
onos-app-yms,org.onosproject.yang.gen.v1.ydt.food.rev20160624.food,DefaultFood.FoodBuilder,44,0,0,0,14,0,9,0,9,0
onos-app-yms,org.onosproject.yang.gen.v1.ydt.food.rev20160624.food,DefaultFood,207,0,24,0,52,0,24,0,12,0
onos-app-yms,org.onosproject.yang.gen.v1.ydt.food.rev20160624.food,Food.OnosYangNodeOperationType,78,0,0,0,7,0,4,0,4,0
onos-app-yms,org.onosproject.yang.gen.v1.yms.test.ytb.multi.notification.with.container.rev20160826.ytbmultinotificationwithcontainer.fortesta,DefaultYtbnot.YtbnotBuilder,24,48,0,0,7,14,4,8,4,8
onos-app-yms,org.onosproject.yang.gen.v1.yms.test.ytb.multi.notification.with.container.rev20160826.ytbmultinotificationwithcontainer.fortesta,Ytbnot.OnosYangNodeOperationType,78,0,0,0,7,0,4,0,4,0
onos-app-yms,org.onosproject.yang.gen.v1.yms.test.ytb.multi.notification.with.container.rev20160826.ytbmultinotificationwithcontainer.fortesta,Ytbnot.LeafIdentifier,9,26,0,0,0,6,2,3,2,3
onos-app-yms,org.onosproject.yang.gen.v1.yms.test.ytb.multi.notification.with.container.rev20160826.ytbmultinotificationwithcontainer.fortesta,DefaultYtbnot,226,44,28,0,49,12,27,3,13,3
onos-app-yms,org.onosproject.yang.gen.v1.urn.ietf.params.xml.ns.yang.ietf.network4.rev20141208.ietfnetwork4,IetfNetwork4Event.Type,38,0,0,0,3,0,4,0,4,0
onos-app-yms,org.onosproject.yang.gen.v1.urn.ietf.params.xml.ns.yang.ietf.network4.rev20141208.ietfnetwork4,IetfNetwork4EventSubject,17,0,0,0,7,0,5,0,5,0
onos-app-yms,org.onosproject.yang.gen.v1.urn.ietf.params.xml.ns.yang.ietf.network4.rev20141208.ietfnetwork4,DefaultNetworkDown,207,0,24,0,52,0,24,0,12,0
onos-app-yms,org.onosproject.yang.gen.v1.urn.ietf.params.xml.ns.yang.ietf.network4.rev20141208.ietfnetwork4,DefaultNetworkDown.NetworkDownBuilder,44,0,0,0,14,0,9,0,9,0
onos-app-yms,org.onosproject.yang.gen.v1.urn.ietf.params.xml.ns.yang.ietf.network4.rev20141208.ietfnetwork4,NetworkDown.OnosYangNodeOperationType,78,0,0,0,7,0,4,0,4,0
onos-app-yms,org.onosproject.yang.gen.v1.urn.ietf.params.xml.ns.yang.ietf.network4.rev20141208.ietfnetwork4,IetfNetwork4Event,11,0,0,0,4,0,2,0,2,0
onos-app-yms,org.onosproject.yang.gen.v1.urn.ietf.params.xml.ns.yang.ietf.network4.rev20141208.ietfnetwork4,DefaultNetworkUp,207,0,24,0,52,0,24,0,12,0
onos-app-yms,org.onosproject.yang.gen.v1.urn.ietf.params.xml.ns.yang.ietf.network4.rev20141208.ietfnetwork4,NetworkUp.OnosYangNodeOperationType,78,0,0,0,7,0,4,0,4,0
onos-app-yms,org.onosproject.yang.gen.v1.urn.ietf.params.xml.ns.yang.ietf.network4.rev20141208.ietfnetwork4,DefaultNetworkUp.NetworkUpBuilder,44,0,0,0,14,0,9,0,9,0
onos-app-yms,org.onosproject.yang.gen.v1.yms.test.ytb.module.with.leaflist.rev20160826,YtbModuleWithLeafListOpParam,225,35,40,0,52,10,31,3,11,3
onos-app-yms,org.onosproject.yang.gen.v1.yms.test.ytb.module.with.leaflist.rev20160826,YtbModuleWithLeafListOpParam.YtbModuleWithLeafListBuilder,28,35,2,0,8,11,4,7,3,7
onos-app-yms,org.onosproject.yang.gen.v1.yms.test.ytb.module.with.leaflist.rev20160826,YtbModuleWithLeafList.OnosYangNodeOperationType,78,0,0,0,7,0,4,0,4,0
onos-app-yms,org.onosproject.yang.gen.v1.yms.test.ytb.module.with.leaflist.rev20160826,YtbModuleWithLeafList.LeafIdentifier,35,0,0,0,6,0,5,0,5,0
onos-app-yms,org.onosproject.yang.gen.v1.ydt.hello.onos.rev20160903.helloonos.helloworld,HelloWorldInput.LeafIdentifier,57,0,0,0,8,0,5,0,5,0
onos-app-yms,org.onosproject.yang.gen.v1.ydt.hello.onos.rev20160903.helloonos.helloworld,HelloWorldOutput.LeafIdentifier,35,0,0,0,6,0,5,0,5,0
onos-app-yms,org.onosproject.yang.gen.v1.ydt.hello.onos.rev20160903.helloonos.helloworld,DefaultHelloWorldInput.HelloWorldInputBuilder,122,0,2,0,36,0,20,0,19,0
onos-app-yms,org.onosproject.yang.gen.v1.ydt.hello.onos.rev20160903.helloonos.helloworld,HelloWorldInput.OnosYangNodeOperationType,78,0,0,0,7,0,4,0,4,0
onos-app-yms,org.onosproject.yang.gen.v1.ydt.hello.onos.rev20160903.helloonos.helloworld,DefaultHelloWorldInput,520,0,80,0,109,0,60,0,20,0
onos-app-yms,org.onosproject.yang.gen.v1.ydt.hello.onos.rev20160903.helloonos.helloworld,DefaultHelloWorldOutput.HelloWorldOutputBuilder,72,0,0,0,21,0,12,0,12,0
onos-app-yms,org.onosproject.yang.gen.v1.ydt.hello.onos.rev20160903.helloonos.helloworld,HelloWorldOutput.OnosYangNodeOperationType,78,0,0,0,7,0,4,0,4,0
onos-app-yms,org.onosproject.yang.gen.v1.ydt.hello.onos.rev20160903.helloonos.helloworld,DefaultHelloWorldOutput,270,0,28,0,61,0,30,0,16,0
onos-app-yms,org.onosproject.yang.gen.v1.urn.ietf.params.xml.ns.yang.ietf.network1.rev20151208,IetfNetwork1.OnosYangNodeOperationType,78,0,0,0,7,0,4,0,4,0
onos-app-yms,org.onosproject.yang.gen.v1.urn.ietf.params.xml.ns.yang.ietf.network1.rev20151208,IetfNetwork1OpParam,85,0,10,0,26,0,14,0,9,0
onos-app-yms,org.onosproject.yang.gen.v1.urn.ietf.params.xml.ns.yang.ietf.network1.rev20151208,IetfNetwork1OpParam.IetfNetwork1Builder,16,0,0,0,6,0,4,0,4,0
onos-app-yms,org.onosproject.yms.app.yab,YangApplicationBroker,321,604,72,62,100,164,54,42,6,23
onos-app-yms,org.onosproject.yang.gen.v1.ydt.test6.rev20160524.test6,List2.LeafIdentifier,9,48,0,0,0,8,2,3,2,3
onos-app-yms,org.onosproject.yang.gen.v1.ydt.test6.rev20160524.test6,List2.OnosYangNodeOperationType,0,78,0,0,0,7,0,4,0,4
onos-app-yms,org.onosproject.yang.gen.v1.ydt.test6.rev20160524.test6,Cont1.OnosYangNodeOperationType,0,78,0,0,0,7,0,4,0,4
onos-app-yms,org.onosproject.yang.gen.v1.ydt.test6.rev20160524.test6,Cont1.LeafIdentifier,9,26,0,0,0,6,2,3,2,3
onos-app-yms,org.onosproject.yang.gen.v1.ydt.test6.rev20160524.test6,DefaultCont1,384,58,64,0,81,16,46,5,14,5
onos-app-yms,org.onosproject.yang.gen.v1.ydt.test6.rev20160524.test6,DefaultCont4,187,20,24,0,46,6,23,1,11,1
onos-app-yms,org.onosproject.yang.gen.v1.ydt.test6.rev20160524.test6,DefaultList2,529,54,92,0,113,14,67,1,21,1
onos-app-yms,org.onosproject.yang.gen.v1.ydt.test6.rev20160524.test6,DefaultCont1.Cont1Builder,24,80,1,1,7,24,5,13,4,13
onos-app-yms,org.onosproject.yang.gen.v1.ydt.test6.rev20160524.test6,Cont4.OnosYangNodeOperationType,0,78,0,0,0,7,0,4,0,4
onos-app-yms,org.onosproject.yang.gen.v1.ydt.test6.rev20160524.test6,DefaultList2.List2Builder,29,101,1,1,9,30,6,16,5,16
onos-app-yms,org.onosproject.yang.gen.v1.ydt.test6.rev20160524.test6,DefaultCont4.Cont4Builder,17,27,0,0,5,9,3,6,3,6
onos-app-yms,org.onosproject.yang.gen.v1.ydt.rootlist.rev20160624.rootlist.listwithcontainer,YangAutoPrefixInterface.OnosYangNodeOperationType,78,0,0,0,7,0,4,0,4,0
onos-app-yms,org.onosproject.yang.gen.v1.ydt.rootlist.rev20160624.rootlist.listwithcontainer,DefaultYangAutoPrefixInterface.YangAutoPrefixInterfaceBuilder,85,0,0,0,25,0,14,0,14,0
onos-app-yms,org.onosproject.yang.gen.v1.ydt.rootlist.rev20160624.rootlist.listwithcontainer,DefaultYangAutoPrefixInterface,329,0,36,0,73,0,35,0,17,0
onos-app-yms,org.onosproject.yang.gen.v1.ydt.rootlist.rev20160624.rootlist.listwithcontainer,YangAutoPrefixInterface.LeafIdentifier,46,0,0,0,7,0,5,0,5,0
onos-app-yms,org.onosproject.yang.gen.v1.ydt.emptydata.rev20160524.emptydata,EmptyList.OnosYangNodeOperationType,0,78,0,0,0,7,0,4,0,4
onos-app-yms,org.onosproject.yang.gen.v1.ydt.emptydata.rev20160524.emptydata,DefaultEmptyList,231,38,26,0,51,10,28,1,15,1
onos-app-yms,org.onosproject.yang.gen.v1.ydt.emptydata.rev20160524.emptydata,DefaultEmptyList.EmptyListBuilder,24,48,0,0,7,14,4,8,4,8
onos-app-yms,org.onosproject.yang.gen.v1.ydt.emptydata.rev20160524.emptydata,EmptyList.LeafIdentifier,9,26,0,0,0,6,2,3,2,3
onos-app-yms,org.onosproject.yang.gen.v1.urn.ietf.params.xml.ns.yang.ietf.network.rev20151208.ietfnetwork.networks,DefaultNetwork.NetworkBuilder,29,99,2,2,9,29,7,15,5,15
onos-app-yms,org.onosproject.yang.gen.v1.urn.ietf.params.xml.ns.yang.ietf.network.rev20151208.ietfnetwork.networks,Network.OnosYangNodeOperationType,0,78,0,0,0,7,0,4,0,4
onos-app-yms,org.onosproject.yang.gen.v1.urn.ietf.params.xml.ns.yang.ietf.network.rev20151208.ietfnetwork.networks,Network.LeafIdentifier,9,26,0,0,0,6,2,3,2,3
onos-app-yms,org.onosproject.yang.gen.v1.urn.ietf.params.xml.ns.yang.ietf.network.rev20151208.ietfnetwork.networks,DefaultNetwork,509,50,90,0,108,13,64,1,19,1
onos-app-yms,org.onosproject.yang.gen.v1.urn.ietf.params.xml.ns.yang.ietf.network4.rev20171208.ietfnetwork4,Network.LeafIdentifier,35,0,0,0,6,0,5,0,5,0
onos-app-yms,org.onosproject.yang.gen.v1.urn.ietf.params.xml.ns.yang.ietf.network4.rev20171208.ietfnetwork4,Network.OnosYangNodeOperationType,78,0,0,0,7,0,4,0,4,0
onos-app-yms,org.onosproject.yang.gen.v1.urn.ietf.params.xml.ns.yang.ietf.network4.rev20171208.ietfnetwork4,DefaultNetwork,269,0,26,0,61,0,29,0,16,0
onos-app-yms,org.onosproject.yang.gen.v1.urn.ietf.params.xml.ns.yang.ietf.network4.rev20171208.ietfnetwork4,DefaultNetwork.NetworkBuilder,72,0,0,0,21,0,12,0,12,0
onos-app-yms,org.onosproject.yang.gen.v1.urn.ietf.params.xml.ns.yang.ietf.inet.types.rev20130715.ietfinettypes,Ipv4AddressNoZone,63,0,4,0,22,0,10,0,8,0
onos-app-yms,org.onosproject.yang.gen.v1.urn.ietf.params.xml.ns.yang.ietf.inet.types.rev20130715.ietfinettypes,Ipv4Address,62,0,4,0,22,0,10,0,8,0
onos-app-yms,org.onosproject.yang.gen.v1.urn.ietf.params.xml.ns.yang.ietf.inet.types.rev20130715.ietfinettypes,IpAddress,63,0,4,0,22,0,10,0,8,0
onos-app-yms,org.onosproject.yang.gen.v1.urn.ietf.params.xml.ns.yang.ietf.inet.types.rev20130715.ietfinettypes,IpVersion,63,0,4,0,22,0,10,0,8,0
onos-app-yms,org.onosproject.yang.gen.v1.urn.ietf.params.xml.ns.yang.ietf.inet.types.rev20130715.ietfinettypes,Ipv6FlowLabel,66,0,4,0,22,0,10,0,8,0
onos-app-yms,org.onosproject.yang.gen.v1.urn.ietf.params.xml.ns.yang.ietf.inet.types.rev20130715.ietfinettypes,Ipv6Prefix,62,0,4,0,22,0,10,0,8,0
onos-app-yms,org.onosproject.yang.gen.v1.urn.ietf.params.xml.ns.yang.ietf.inet.types.rev20130715.ietfinettypes,Uri,43,19,4,0,14,8,6,4,4,4
onos-app-yms,org.onosproject.yang.gen.v1.urn.ietf.params.xml.ns.yang.ietf.inet.types.rev20130715.ietfinettypes,DomainName,62,0,4,0,22,0,10,0,8,0
onos-app-yms,org.onosproject.yang.gen.v1.urn.ietf.params.xml.ns.yang.ietf.inet.types.rev20130715.ietfinettypes,Ipv6AddressNoZone,63,0,4,0,22,0,10,0,8,0
onos-app-yms,org.onosproject.yang.gen.v1.urn.ietf.params.xml.ns.yang.ietf.inet.types.rev20130715.ietfinettypes,PortNumber,66,0,4,0,22,0,10,0,8,0
onos-app-yms,org.onosproject.yang.gen.v1.urn.ietf.params.xml.ns.yang.ietf.inet.types.rev20130715.ietfinettypes,IpAddressNoZone,63,0,4,0,22,0,10,0,8,0
onos-app-yms,org.onosproject.yang.gen.v1.urn.ietf.params.xml.ns.yang.ietf.inet.types.rev20130715.ietfinettypes,Ipv6Address,62,0,4,0,22,0,10,0,8,0
onos-app-yms,org.onosproject.yang.gen.v1.urn.ietf.params.xml.ns.yang.ietf.inet.types.rev20130715.ietfinettypes,Ipv4Prefix,62,0,4,0,22,0,10,0,8,0
onos-app-yms,org.onosproject.yang.gen.v1.urn.ietf.params.xml.ns.yang.ietf.inet.types.rev20130715.ietfinettypes,Host,63,0,4,0,22,0,10,0,8,0
onos-app-yms,org.onosproject.yang.gen.v1.urn.ietf.params.xml.ns.yang.ietf.inet.types.rev20130715.ietfinettypes,Dscp,66,0,4,0,22,0,10,0,8,0
onos-app-yms,org.onosproject.yang.gen.v1.urn.ietf.params.xml.ns.yang.ietf.inet.types.rev20130715.ietfinettypes,IpPrefix,63,0,4,0,22,0,10,0,8,0
onos-app-yms,org.onosproject.yang.gen.v1.urn.ietf.params.xml.ns.yang.ietf.inet.types.rev20130715.ietfinettypes,AsNumber,66,0,4,0,22,0,10,0,8,0
onos-app-yms,org.onosproject.yang.gen.v1.yms.test.ytb.tree.builder.yangautoprefixfor.list.having.list.rev20160826.ytbtreebuilderforlisthavinglist,Carrier.OnosYangNodeOperationType,78,0,0,0,7,0,4,0,4,0
onos-app-yms,org.onosproject.yang.gen.v1.yms.test.ytb.tree.builder.yangautoprefixfor.list.having.list.rev20160826.ytbtreebuilderforlisthavinglist,DefaultCarrier.CarrierBuilder,33,27,2,0,9,9,5,6,4,6
onos-app-yms,org.onosproject.yang.gen.v1.yms.test.ytb.tree.builder.yangautoprefixfor.list.having.list.rev20160826.ytbtreebuilderforlisthavinglist,DefaultCarrier,254,26,42,0,57,8,30,3,9,3
onos-app-yms,org.onosproject.yang.gen.v1.ydt.rootlist.rev20160624,RootlistOpParam,308,15,64,0,69,5,42,1,10,1
onos-app-yms,org.onosproject.yang.gen.v1.ydt.rootlist.rev20160624,Rootlist.OnosYangNodeOperationType,0,78,0,0,0,7,0,4,0,4
onos-app-yms,org.onosproject.yang.gen.v1.ydt.rootlist.rev20160624,RootlistOpParam.RootlistBuilder,26,38,3,1,8,12,5,7,3,7
onos-app-yms,org.onosproject.yang.gen.v1.ych.purchasing.supervisor.rev20160524,YchPurchasingsupervisor.OnosYangNodeOperationType,78,0,0,0,7,0,4,0,4,0
onos-app-yms,org.onosproject.yang.gen.v1.ych.purchasing.supervisor.rev20160524,YchPurchasingsupervisorOpParam,112,21,20,0,30,7,16,4,6,4
onos-app-yms,org.onosproject.yang.gen.v1.ych.purchasing.supervisor.rev20160524,YchPurchasingsupervisorOpParam.YchPurchasingsupervisorBuilder,5,19,0,0,2,7,1,5,1,5
onos-app-yms,org.onosproject.yang.gen.v1.ydt.employee.id.rev20160524,Employeeid.LeafIdentifier,35,0,0,0,6,0,5,0,5,0
onos-app-yms,org.onosproject.yang.gen.v1.ydt.employee.id.rev20160524,EmployeeidOpParam,221,39,40,0,51,11,30,4,10,4
onos-app-yms,org.onosproject.yang.gen.v1.ydt.employee.id.rev20160524,Employeeid.OnosYangNodeOperationType,0,78,0,0,0,7,0,4,0,4
onos-app-yms,org.onosproject.yang.gen.v1.ydt.employee.id.rev20160524,EmployeeidOpParam.EmployeeidBuilder,12,51,0,2,4,15,2,9,2,8
onos-app-yms,org.onosproject.yang.gen.v1.ydt.test6.rev20160524.test6.rockthehouse,RockTheHouseInput.LeafIdentifier,35,0,0,0,6,0,5,0,5,0
onos-app-yms,org.onosproject.yang.gen.v1.ydt.test6.rev20160524.test6.rockthehouse,DefaultRockTheHouseInput.RockTheHouseInputBuilder,72,0,0,0,21,0,12,0,12,0
onos-app-yms,org.onosproject.yang.gen.v1.ydt.test6.rev20160524.test6.rockthehouse,RockTheHouseInput.OnosYangNodeOperationType,78,0,0,0,7,0,4,0,4,0
onos-app-yms,org.onosproject.yang.gen.v1.ydt.test6.rev20160524.test6.rockthehouse,DefaultRockTheHouseInput,270,0,28,0,61,0,30,0,16,0
onos-app-yms,org.onosproject.yang.gen.v1.urn.ietf.params.xml.ns.yang.ietf.network.rev20151208.ietfnetwork.networks.network,SupportingNetwork.LeafIdentifier,35,0,0,0,6,0,5,0,5,0
onos-app-yms,org.onosproject.yang.gen.v1.urn.ietf.params.xml.ns.yang.ietf.network.rev20151208.ietfnetwork.networks.network,Node.OnosYangNodeOperationType,0,78,0,0,0,7,0,4,0,4
onos-app-yms,org.onosproject.yang.gen.v1.urn.ietf.params.xml.ns.yang.ietf.network.rev20151208.ietfnetwork.networks.network,SupportingNetwork.OnosYangNodeOperationType,0,78,0,0,0,7,0,4,0,4
onos-app-yms,org.onosproject.yang.gen.v1.urn.ietf.params.xml.ns.yang.ietf.network.rev20151208.ietfnetwork.networks.network,DefaultNetworkTypes,148,0,12,0,39,0,16,0,10,0
onos-app-yms,org.onosproject.yang.gen.v1.urn.ietf.params.xml.ns.yang.ietf.network.rev20151208.ietfnetwork.networks.network,DefaultNode,356,42,56,0,76,11,45,1,17,1
onos-app-yms,org.onosproject.yang.gen.v1.urn.ietf.params.xml.ns.yang.ietf.network.rev20151208.ietfnetwork.networks.network,DefaultSupportingNetwork.SupportingNetworkBuilder,34,38,0,0,10,11,5,7,5,7
onos-app-yms,org.onosproject.yang.gen.v1.urn.ietf.params.xml.ns.yang.ietf.network.rev20151208.ietfnetwork.networks.network,DefaultSupportingNetwork,232,38,28,0,51,10,29,1,15,1
onos-app-yms,org.onosproject.yang.gen.v1.urn.ietf.params.xml.ns.yang.ietf.network.rev20151208.ietfnetwork.networks.network,DefaultNode.NodeBuilder,24,72,1,1,7,21,5,11,4,11
onos-app-yms,org.onosproject.yang.gen.v1.urn.ietf.params.xml.ns.yang.ietf.network.rev20151208.ietfnetwork.networks.network,Node.LeafIdentifier,9,26,0,0,0,6,2,3,2,3
onos-app-yms,org.onosproject.yang.gen.v1.urn.ietf.params.xml.ns.yang.ietf.network.rev20151208.ietfnetwork.networks.network,NetworkTypes.OnosYangNodeOperationType,78,0,0,0,7,0,4,0,4,0
onos-app-yms,org.onosproject.yang.gen.v1.urn.ietf.params.xml.ns.yang.ietf.network.rev20151208.ietfnetwork.networks.network,DefaultNetworkTypes.NetworkTypesBuilder,36,0,0,0,11,0,7,0,7,0
onos-app-yms,org.onosproject.yang.gen.v1.urn.ietf.params.xml.ns.yang.ietf.inet.types.rev20130715.ietfinettypes.ipaddress,IpAddressUnion,104,0,8,0,33,0,15,0,11,0
onos-app-yms,org.onosproject.yang.gen.v1.urn.ietf.params.xml.ns.yang.ietf.network.rev20151208.ietfnetwork.networksstate,Network.LeafIdentifier,9,37,0,0,0,7,2,3,2,3
onos-app-yms,org.onosproject.yang.gen.v1.urn.ietf.params.xml.ns.yang.ietf.network.rev20151208.ietfnetwork.networksstate,DefaultNetwork.NetworkBuilder,34,51,0,0,10,15,5,9,5,9
onos-app-yms,org.onosproject.yang.gen.v1.urn.ietf.params.xml.ns.yang.ietf.network.rev20151208.ietfnetwork.networksstate,Network.OnosYangNodeOperationType,0,78,0,0,0,7,0,4,0,4
onos-app-yms,org.onosproject.yang.gen.v1.urn.ietf.params.xml.ns.yang.ietf.network.rev20151208.ietfnetwork.networksstate,DefaultNetwork,299,42,40,0,64,11,37,1,17,1
onos-app-yms,org.onosproject.yang.gen.v1.yms.test.ytb.multi.module.b.rev20160826.ytbmultimoduleb,Ytbmultilistb.OnosYangNodeOperationType,78,0,0,0,7,0,4,0,4,0
onos-app-yms,org.onosproject.yang.gen.v1.yms.test.ytb.multi.module.b.rev20160826.ytbmultimoduleb,DefaultYtbmultilistb.YtbmultilistbBuilder,40,43,2,0,11,13,6,8,5,8
onos-app-yms,org.onosproject.yang.gen.v1.yms.test.ytb.multi.module.b.rev20160826.ytbmultimoduleb,Ytbmultilistb.LeafIdentifier,35,0,0,0,6,0,5,0,5,0
onos-app-yms,org.onosproject.yang.gen.v1.yms.test.ytb.multi.module.b.rev20160826.ytbmultimoduleb,DefaultYtbmultilistb,290,44,44,0,66,12,35,3,13,3
onos-app-yms,org.onosproject.yang.gen.v1.yms.test.ytb.module.with.list.rev20160826,YtbModuleWithList.OnosYangNodeOperationType,78,0,0,0,7,0,4,0,4,0
onos-app-yms,org.onosproject.yang.gen.v1.yms.test.ytb.module.with.list.rev20160826,YtbModuleWithListOpParam,189,17,38,0,43,6,26,3,7,3
onos-app-yms,org.onosproject.yang.gen.v1.yms.test.ytb.module.with.list.rev20160826,YtbModuleWithListOpParam.YtbModuleWithListBuilder,21,19,2,0,6,7,3,5,2,5
onos-app-yms,org.onosproject.yang.gen.v1.ydt.test6.rev20160524.test6.cont1.cont2,Cont3.OnosYangNodeOperationType,0,78,0,0,0,7,0,4,0,4
onos-app-yms,org.onosproject.yang.gen.v1.ydt.test6.rev20160524.test6.cont1.cont2,DefaultCont3,232,38,28,0,51,10,29,1,15,1
onos-app-yms,org.onosproject.yang.gen.v1.ydt.test6.rev20160524.test6.cont1.cont2,DefaultCont3.Cont3Builder,24,48,0,0,7,14,4,8,4,8
onos-app-yms,org.onosproject.yang.gen.v1.ydt.test6.rev20160524.test6.cont1.cont2,Cont3.LeafIdentifier,9,26,0,0,0,6,2,3,2,3
onos-app-yms,org.onosproject.yang.gen.v1.urn.ietf.params.xml.ns.yang.ietf.network4.rev20141208.ietfnetwork4.networkup.networks,DefaultNetwork.NetworkBuilder,72,0,0,0,21,0,12,0,12,0
onos-app-yms,org.onosproject.yang.gen.v1.urn.ietf.params.xml.ns.yang.ietf.network4.rev20141208.ietfnetwork4.networkup.networks,DefaultNetwork,269,0,26,0,61,0,29,0,16,0
onos-app-yms,org.onosproject.yang.gen.v1.urn.ietf.params.xml.ns.yang.ietf.network4.rev20141208.ietfnetwork4.networkup.networks,Network.OnosYangNodeOperationType,78,0,0,0,7,0,4,0,4,0
onos-app-yms,org.onosproject.yang.gen.v1.urn.ietf.params.xml.ns.yang.ietf.network4.rev20141208.ietfnetwork4.networkup.networks,Network.LeafIdentifier,35,0,0,0,6,0,5,0,5,0
onos-app-yms,org.onosproject.yang.gen.v1.ydt.hello.onos.rev20160903.helloonos.helloworld.helloworldinput,DefaultStringList.StringListBuilder,98,0,0,0,29,0,16,0,16,0
onos-app-yms,org.onosproject.yang.gen.v1.ydt.hello.onos.rev20160903.helloonos.helloworld.helloworldinput,StringList.OnosYangNodeOperationType,78,0,0,0,7,0,4,0,4,0
onos-app-yms,org.onosproject.yang.gen.v1.ydt.hello.onos.rev20160903.helloonos.helloworld.helloworldinput,DefaultStringList,392,0,52,0,83,0,44,0,18,0
onos-app-yms,org.onosproject.yang.gen.v1.ydt.hello.onos.rev20160903.helloonos.helloworld.helloworldinput,StringList.LeafIdentifier,57,0,0,0,8,0,5,0,5,0
onos-app-yms,org.onosproject.yang.gen.v1.urn.ietf.params.xml.ns.yang.ietf.network.rev20151208.ietfnetwork.networks.network.node,SupportingNode.OnosYangNodeOperationType,0,78,0,0,0,7,0,4,0,4
onos-app-yms,org.onosproject.yang.gen.v1.urn.ietf.params.xml.ns.yang.ietf.network.rev20151208.ietfnetwork.networks.network.node,DefaultSupportingNode.SupportingNodeBuilder,44,41,0,0,13,12,6,8,6,8
onos-app-yms,org.onosproject.yang.gen.v1.urn.ietf.params.xml.ns.yang.ietf.network.rev20151208.ietfnetwork.networks.network.node,SupportingNode.LeafIdentifier,46,0,0,0,7,0,5,0,5,0
onos-app-yms,org.onosproject.yang.gen.v1.urn.ietf.params.xml.ns.yang.ietf.network.rev20151208.ietfnetwork.networks.network.node,DefaultSupportingNode,289,42,40,0,61,11,36,1,16,1
onos-app-yms,org.onosproject.yang.gen.v1.yms.test.ytb.module.with.leaf.ietfschedule.rev20160826.ytbietfschedule,DefaultMonitor.MonitorBuilder,72,0,0,0,21,0,12,0,12,0
onos-app-yms,org.onosproject.yang.gen.v1.yms.test.ytb.module.with.leaf.ietfschedule.rev20160826.ytbietfschedule,DefaultMonitor,269,0,26,0,61,0,29,0,16,0
onos-app-yms,org.onosproject.yang.gen.v1.yms.test.ytb.module.with.leaf.ietfschedule.rev20160826.ytbietfschedule,Monitor.LeafIdentifier,35,0,0,0,6,0,5,0,5,0
onos-app-yms,org.onosproject.yang.gen.v1.yms.test.ytb.module.with.leaf.ietfschedule.rev20160826.ytbietfschedule,Monitor.OnosYangNodeOperationType,78,0,0,0,7,0,4,0,4,0
onos-app-yms,org.onosproject.yang.gen.v1.yms.test.ytb.module.with.leaf.ietfschedule.rev20160826.ytbietfschedule,Enum2Enum,68,54,18,0,15,9,18,3,6,3
onos-app-yms,org.onosproject.yang.gen.v1.yms.test.ytb.module.with.leaf.ietfschedule.rev20160826.ytbietfschedule,Enum1Enum,68,54,18,0,15,9,18,3,6,3
onos-app-yms,org.onosproject.yang.gen.v1.urn.ietf.params.xml.ns.yang.ietf.network1.rev20151208.ietfnetwork1.networkup.networks,DefaultNetwork.NetworkBuilder,72,0,0,0,21,0,12,0,12,0
onos-app-yms,org.onosproject.yang.gen.v1.urn.ietf.params.xml.ns.yang.ietf.network1.rev20151208.ietfnetwork1.networkup.networks,DefaultNetwork,269,0,26,0,61,0,29,0,16,0
onos-app-yms,org.onosproject.yang.gen.v1.urn.ietf.params.xml.ns.yang.ietf.network1.rev20151208.ietfnetwork1.networkup.networks,Network.OnosYangNodeOperationType,78,0,0,0,7,0,4,0,4,0
onos-app-yms,org.onosproject.yang.gen.v1.urn.ietf.params.xml.ns.yang.ietf.network1.rev20151208.ietfnetwork1.networkup.networks,Network.LeafIdentifier,35,0,0,0,6,0,5,0,5,0
onos-app-yms,org.onosproject.yang.gen.v1.urn.ietf.params.xml.ns.yang.ietf.network2.rev20151208,IetfNetwork2.OnosYangNodeOperationType,78,0,0,0,7,0,4,0,4,0
onos-app-yms,org.onosproject.yang.gen.v1.urn.ietf.params.xml.ns.yang.ietf.network2.rev20151208,IetfNetwork2OpParam.IetfNetwork2Builder,16,0,0,0,6,0,4,0,4,0
onos-app-yms,org.onosproject.yang.gen.v1.urn.ietf.params.xml.ns.yang.ietf.network2.rev20151208,IetfNetwork2OpParam,85,0,10,0,26,0,14,0,9,0
onos-app-yms,org.onosproject.yang.gen.v1.ydt.root.rev20160524.logisticsmanager,DefaultMaterialSupervisor.MaterialSupervisorBuilder,85,0,0,0,25,0,14,0,14,0
onos-app-yms,org.onosproject.yang.gen.v1.ydt.root.rev20160524.logisticsmanager,MaterialSupervisor.OnosYangNodeOperationType,78,0,0,0,7,0,4,0,4,0
onos-app-yms,org.onosproject.yang.gen.v1.ydt.root.rev20160524.logisticsmanager,DefaultMaterialSupervisor,331,0,40,0,72,0,37,0,17,0
onos-app-yms,org.onosproject.yang.gen.v1.ydt.root.rev20160524.logisticsmanager,MaterialSupervisor.LeafIdentifier,46,0,0,0,7,0,5,0,5,0
onos-app-yms,org.onosproject.yang.gen.v1.ydt.root.rev20160524.logisticsmanager,DefaultPurchasingSupervisor.PurchasingSupervisorBuilder,24,61,0,0,7,18,4,10,4,10
onos-app-yms,org.onosproject.yang.gen.v1.ydt.root.rev20160524.logisticsmanager,PurchasingSupervisor.OnosYangNodeOperationType,0,78,0,0,0,7,0,4,0,4
onos-app-yms,org.onosproject.yang.gen.v1.ydt.root.rev20160524.logisticsmanager,PurchasingSupervisor.LeafIdentifier,9,37,0,0,0,7,2,3,2,3
onos-app-yms,org.onosproject.yang.gen.v1.ydt.root.rev20160524.logisticsmanager,DefaultPurchasingSupervisor,280,51,40,0,60,14,33,4,13,4
onos-app-yms,org.onosproject.yang.gen.v1.urn.ietf.params.xml.ns.yang.ietf.network3.rev20151208,IetfNetwork3.OnosYangNodeOperationType,78,0,0,0,7,0,4,0,4,0
onos-app-yms,org.onosproject.yang.gen.v1.urn.ietf.params.xml.ns.yang.ietf.network3.rev20151208,IetfNetwork3OpParam,133,0,20,0,36,0,20,0,10,0
onos-app-yms,org.onosproject.yang.gen.v1.urn.ietf.params.xml.ns.yang.ietf.network3.rev20151208,IetfNetwork3OpParam.IetfNetwork3Builder,24,0,0,0,9,0,6,0,6,0
onos-app-yms,org.onosproject.yang.gen.v1.ydt.enumtest.rev20160524.enumtest.enumlist,EnumleafEnum,36,86,9,9,12,12,14,7,6,3
onos-app-yms,org.onosproject.yang.gen.v1.ydt.hello.onos.rev20160903,HelloOnosOpParam.HelloOnosBuilder,16,0,0,0,6,0,4,0,4,0
onos-app-yms,org.onosproject.yang.gen.v1.ydt.hello.onos.rev20160903,HelloOnos.OnosYangNodeOperationType,78,0,0,0,7,0,4,0,4,0
onos-app-yms,org.onosproject.yang.gen.v1.ydt.hello.onos.rev20160903,HelloOnosOpParam,85,0,10,0,26,0,14,0,9,0
onos-app-yms,org.onosproject.yang.gen.v1.urn.ietf.params.xml.ns.yang.ietf.network1.rev20151208.ietfnetwork1.networkdown,DefaultNetworks,324,0,36,0,74,0,36,0,18,0
onos-app-yms,org.onosproject.yang.gen.v1.urn.ietf.params.xml.ns.yang.ietf.network1.rev20151208.ietfnetwork1.networkdown,Networks.OnosYangNodeOperationType,78,0,0,0,7,0,4,0,4,0
onos-app-yms,org.onosproject.yang.gen.v1.urn.ietf.params.xml.ns.yang.ietf.network1.rev20151208.ietfnetwork1.networkdown,DefaultNetworks.NetworksBuilder,80,0,0,0,24,0,14,0,14,0
onos-app-yms,org.onosproject.yang.gen.v1.urn.ietf.params.xml.ns.yang.ietf.network1.rev20151208.ietfnetwork1.networkdown,Networks.LeafIdentifier,35,0,0,0,6,0,5,0,5,0
onos-app-yms,org.onosproject.yang.gen.v1.urn.ietf.params.xml.ns.yang.ietf.network4.rev20151208.ietfnetwork4,NetworkUp.OnosYangNodeOperationType,78,0,0,0,7,0,4,0,4,0
onos-app-yms,org.onosproject.yang.gen.v1.urn.ietf.params.xml.ns.yang.ietf.network4.rev20151208.ietfnetwork4,DefaultNetworkDown,207,0,24,0,52,0,24,0,12,0
onos-app-yms,org.onosproject.yang.gen.v1.urn.ietf.params.xml.ns.yang.ietf.network4.rev20151208.ietfnetwork4,IetfNetwork4Event.Type,38,0,0,0,3,0,4,0,4,0
onos-app-yms,org.onosproject.yang.gen.v1.urn.ietf.params.xml.ns.yang.ietf.network4.rev20151208.ietfnetwork4,DefaultNetworkDown.NetworkDownBuilder,44,0,0,0,14,0,9,0,9,0
onos-app-yms,org.onosproject.yang.gen.v1.urn.ietf.params.xml.ns.yang.ietf.network4.rev20151208.ietfnetwork4,IetfNetwork4Event,11,0,0,0,4,0,2,0,2,0
onos-app-yms,org.onosproject.yang.gen.v1.urn.ietf.params.xml.ns.yang.ietf.network4.rev20151208.ietfnetwork4,DefaultNetworkUp,207,0,24,0,52,0,24,0,12,0
onos-app-yms,org.onosproject.yang.gen.v1.urn.ietf.params.xml.ns.yang.ietf.network4.rev20151208.ietfnetwork4,IetfNetwork4EventSubject,17,0,0,0,7,0,5,0,5,0
onos-app-yms,org.onosproject.yang.gen.v1.urn.ietf.params.xml.ns.yang.ietf.network4.rev20151208.ietfnetwork4,DefaultNetworkUp.NetworkUpBuilder,44,0,0,0,14,0,9,0,9,0
onos-app-yms,org.onosproject.yang.gen.v1.urn.ietf.params.xml.ns.yang.ietf.network4.rev20151208.ietfnetwork4,NetworkDown.OnosYangNodeOperationType,78,0,0,0,7,0,4,0,4,0
onos-app-yms,org.onosproject.yang.gen.v1.ydt.decimal64.rev20160524,Decimal64OpParam,711,65,130,0,151,17,88,1,23,1
onos-app-yms,org.onosproject.yang.gen.v1.ydt.decimal64.rev20160524,Decimal64.LeafIdentifier,9,114,0,0,0,14,2,3,2,3
onos-app-yms,org.onosproject.yang.gen.v1.ydt.decimal64.rev20160524,Decimal64.OnosYangNodeOperationType,0,78,0,0,0,7,0,4,0,4
onos-app-yms,org.onosproject.yang.gen.v1.ydt.decimal64.rev20160524,Decimal64OpParam.Decimal64Builder,12,168,0,2,4,51,2,27,2,26
onos-app-yms,org.onosproject.yang.gen.v1.urn.ietf.params.xml.ns.yang.ietf.network4.rev20151208,IetfNetwork4OpParam.IetfNetwork4Builder,16,0,0,0,6,0,4,0,4,0
onos-app-yms,org.onosproject.yang.gen.v1.urn.ietf.params.xml.ns.yang.ietf.network4.rev20151208,IetfNetwork4OpParam,85,0,10,0,26,0,14,0,9,0
onos-app-yms,org.onosproject.yang.gen.v1.urn.ietf.params.xml.ns.yang.ietf.network4.rev20151208,IetfNetwork4.OnosYangNodeOperationType,78,0,0,0,7,0,4,0,4,0
onos-app-yms,org.onosproject.yang.gen.v1.urn.ietf.params.xml.ns.yang.ietf.network4.rev20141208.ietfnetwork4.networkdown.networks,Network.LeafIdentifier,35,0,0,0,6,0,5,0,5,0
onos-app-yms,org.onosproject.yang.gen.v1.urn.ietf.params.xml.ns.yang.ietf.network4.rev20141208.ietfnetwork4.networkdown.networks,DefaultNetwork.NetworkBuilder,72,0,0,0,21,0,12,0,12,0
onos-app-yms,org.onosproject.yang.gen.v1.urn.ietf.params.xml.ns.yang.ietf.network4.rev20141208.ietfnetwork4.networkdown.networks,Network.OnosYangNodeOperationType,78,0,0,0,7,0,4,0,4,0
onos-app-yms,org.onosproject.yang.gen.v1.urn.ietf.params.xml.ns.yang.ietf.network4.rev20141208.ietfnetwork4.networkdown.networks,DefaultNetwork,269,0,26,0,61,0,29,0,16,0
onos-app-yms,org.onosproject.yang.gen.v1.urn.ietf.params.xml.ns.yang.ietf.network1.rev20151208.ietfnetwork1,IetfNetwork1EventSubject,17,0,0,0,7,0,5,0,5,0
onos-app-yms,org.onosproject.yang.gen.v1.urn.ietf.params.xml.ns.yang.ietf.network1.rev20151208.ietfnetwork1,NetworkDown.OnosYangNodeOperationType,78,0,0,0,7,0,4,0,4,0
onos-app-yms,org.onosproject.yang.gen.v1.urn.ietf.params.xml.ns.yang.ietf.network1.rev20151208.ietfnetwork1,IetfNetwork1Event.Type,38,0,0,0,3,0,4,0,4,0
onos-app-yms,org.onosproject.yang.gen.v1.urn.ietf.params.xml.ns.yang.ietf.network1.rev20151208.ietfnetwork1,DefaultNetworkUp,207,0,24,0,52,0,24,0,12,0
onos-app-yms,org.onosproject.yang.gen.v1.urn.ietf.params.xml.ns.yang.ietf.network1.rev20151208.ietfnetwork1,DefaultNetworkDown.NetworkDownBuilder,44,0,0,0,14,0,9,0,9,0
onos-app-yms,org.onosproject.yang.gen.v1.urn.ietf.params.xml.ns.yang.ietf.network1.rev20151208.ietfnetwork1,DefaultNetworkUp.NetworkUpBuilder,44,0,0,0,14,0,9,0,9,0
onos-app-yms,org.onosproject.yang.gen.v1.urn.ietf.params.xml.ns.yang.ietf.network1.rev20151208.ietfnetwork1,DefaultNetworkDown,207,0,24,0,52,0,24,0,12,0
onos-app-yms,org.onosproject.yang.gen.v1.urn.ietf.params.xml.ns.yang.ietf.network1.rev20151208.ietfnetwork1,NetworkUp.OnosYangNodeOperationType,78,0,0,0,7,0,4,0,4,0
onos-app-yms,org.onosproject.yang.gen.v1.urn.ietf.params.xml.ns.yang.ietf.network1.rev20151208.ietfnetwork1,IetfNetwork1Event,11,0,0,0,4,0,2,0,2,0
onos-app-yms,org.onosproject.yang.gen.v1.urn.ietf.params.xml.ns.yang.ietf.network4.rev20141208.ietfnetwork4.networkup,Networks.OnosYangNodeOperationType,78,0,0,0,7,0,4,0,4,0
onos-app-yms,org.onosproject.yang.gen.v1.urn.ietf.params.xml.ns.yang.ietf.network4.rev20141208.ietfnetwork4.networkup,Networks.LeafIdentifier,35,0,0,0,6,0,5,0,5,0
onos-app-yms,org.onosproject.yang.gen.v1.urn.ietf.params.xml.ns.yang.ietf.network4.rev20141208.ietfnetwork4.networkup,DefaultNetworks,324,0,36,0,74,0,36,0,18,0
onos-app-yms,org.onosproject.yang.gen.v1.urn.ietf.params.xml.ns.yang.ietf.network4.rev20141208.ietfnetwork4.networkup,DefaultNetworks.NetworksBuilder,80,0,0,0,24,0,14,0,14,0
onos-app-yms,org.onosproject.yms.app.ysr,YsrRegisteredAppContext,102,51,15,1,24,17,17,9,9,9
onos-app-yms,org.onosproject.yms.app.ysr,DefaultYangSchemaRegistry,725,851,76,56,166,211,57,62,10,43
onos-app-yms,org.onosproject.yms.app.ysr,DefaultYangModuleInformation,132,0,12,0,34,0,19,0,13,0
onos-app-yms,org.onosproject.yms.app.ysr,DefaultYangModuleIdentifier,70,0,8,0,18,0,10,0,6,0
onos-app-yms,org.onosproject.yms.app.ysr,DefaultYangModuleLibrary,77,0,8,0,21,0,12,0,8,0
onos-app-yms,org.onosproject.yang.gen.v1.ydt.food.rev20160624.food.food.snack,Latenight.OnosYangNodeOperationType,78,0,0,0,7,0,4,0,4,0
onos-app-yms,org.onosproject.yang.gen.v1.ydt.food.rev20160624.food.food.snack,DefaultLatenight,290,0,30,0,67,0,32,0,17,0
onos-app-yms,org.onosproject.yang.gen.v1.ydt.food.rev20160624.food.food.snack,DefaultLatenight.LatenightBuilder,72,0,0,0,21,0,12,0,12,0
onos-app-yms,org.onosproject.yang.gen.v1.ydt.food.rev20160624.food.food.snack,DefaultSportsarena,335,0,36,0,74,0,35,0,17,0
onos-app-yms,org.onosproject.yang.gen.v1.ydt.food.rev20160624.food.food.snack,Sportsarena.OnosYangNodeOperationType,78,0,0,0,7,0,4,0,4,0
onos-app-yms,org.onosproject.yang.gen.v1.ydt.food.rev20160624.food.food.snack,Sportsarena.LeafIdentifier,46,0,0,0,7,0,5,0,5,0
onos-app-yms,org.onosproject.yang.gen.v1.ydt.food.rev20160624.food.food.snack,DefaultSportsarena.SportsarenaBuilder,85,0,0,0,25,0,14,0,14,0
onos-app-yms,org.onosproject.yang.gen.v1.ydt.food.rev20160624.food.food.snack,Latenight.LeafIdentifier,35,0,0,0,6,0,5,0,5,0
onos-app-yms,org.onosproject.yang.gen.v1.urn.ietf.params.xml.ns.yang.ietf.network4.ietfnetwork4.networkdown.networks,DefaultNetwork,269,0,26,0,61,0,29,0,16,0
onos-app-yms,org.onosproject.yang.gen.v1.urn.ietf.params.xml.ns.yang.ietf.network4.ietfnetwork4.networkdown.networks,Network.OnosYangNodeOperationType,78,0,0,0,7,0,4,0,4,0
onos-app-yms,org.onosproject.yang.gen.v1.urn.ietf.params.xml.ns.yang.ietf.network4.ietfnetwork4.networkdown.networks,DefaultNetwork.NetworkBuilder,72,0,0,0,21,0,12,0,12,0
onos-app-yms,org.onosproject.yang.gen.v1.urn.ietf.params.xml.ns.yang.ietf.network4.ietfnetwork4.networkdown.networks,Network.LeafIdentifier,35,0,0,0,6,0,5,0,5,0
onos-app-yms,org.onosproject.yang.gen.v1.urn.ietf.params.xml.ns.yang.ietf.network2.rev20151208.ietfnetwork2,NetworkDown.OnosYangNodeOperationType,78,0,0,0,7,0,4,0,4,0
onos-app-yms,org.onosproject.yang.gen.v1.urn.ietf.params.xml.ns.yang.ietf.network2.rev20151208.ietfnetwork2,DefaultNetworkUp.NetworkUpBuilder,44,0,0,0,14,0,9,0,9,0
onos-app-yms,org.onosproject.yang.gen.v1.urn.ietf.params.xml.ns.yang.ietf.network2.rev20151208.ietfnetwork2,IetfNetwork2EventSubject,17,0,0,0,7,0,5,0,5,0
onos-app-yms,org.onosproject.yang.gen.v1.urn.ietf.params.xml.ns.yang.ietf.network2.rev20151208.ietfnetwork2,IetfNetwork2Event.Type,38,0,0,0,3,0,4,0,4,0
onos-app-yms,org.onosproject.yang.gen.v1.urn.ietf.params.xml.ns.yang.ietf.network2.rev20151208.ietfnetwork2,DefaultNetworkDown,207,0,24,0,52,0,24,0,12,0
onos-app-yms,org.onosproject.yang.gen.v1.urn.ietf.params.xml.ns.yang.ietf.network2.rev20151208.ietfnetwork2,IetfNetwork2Event,11,0,0,0,4,0,2,0,2,0
onos-app-yms,org.onosproject.yang.gen.v1.urn.ietf.params.xml.ns.yang.ietf.network2.rev20151208.ietfnetwork2,DefaultNetworkUp,207,0,24,0,52,0,24,0,12,0
onos-app-yms,org.onosproject.yang.gen.v1.urn.ietf.params.xml.ns.yang.ietf.network2.rev20151208.ietfnetwork2,DefaultNetworkDown.NetworkDownBuilder,44,0,0,0,14,0,9,0,9,0
onos-app-yms,org.onosproject.yang.gen.v1.urn.ietf.params.xml.ns.yang.ietf.network2.rev20151208.ietfnetwork2,NetworkUp.OnosYangNodeOperationType,78,0,0,0,7,0,4,0,4,0
onos-app-yms,org.onosproject.yang.gen.v1.ydt.binarytest.rev20160524,BinarytestOpParam.BinarytestBuilder,40,0,2,0,13,0,8,0,7,0
onos-app-yms,org.onosproject.yang.gen.v1.ydt.binarytest.rev20160524,BinarytestOpParam,206,0,38,0,49,0,29,0,10,0
onos-app-yms,org.onosproject.yang.gen.v1.ydt.binarytest.rev20160524,Binarytest.OnosYangNodeOperationType,78,0,0,0,7,0,4,0,4,0
onos-app-yms,org.onosproject.yms.app.ych,DefaultYangCodecHandler,51,270,20,28,16,83,22,16,3,11
onos-app-yms,org.onosproject.yang.gen.v1.ydt.test6.rev20160524.test6.cont1,DefaultCont2.Cont2Builder,17,27,0,0,5,9,3,6,3,6
onos-app-yms,org.onosproject.yang.gen.v1.ydt.test6.rev20160524.test6.cont1,DefaultCont2,187,20,24,0,46,6,23,1,11,1
onos-app-yms,org.onosproject.yang.gen.v1.ydt.test6.rev20160524.test6.cont1,DefaultList1.List1Builder,24,61,0,0,7,18,4,10,4,10
onos-app-yms,org.onosproject.yang.gen.v1.ydt.test6.rev20160524.test6.cont1,DefaultList1,289,42,40,0,61,11,36,1,16,1
onos-app-yms,org.onosproject.yang.gen.v1.ydt.test6.rev20160524.test6.cont1,Cont2.OnosYangNodeOperationType,0,78,0,0,0,7,0,4,0,4
onos-app-yms,org.onosproject.yang.gen.v1.ydt.test6.rev20160524.test6.cont1,List1.LeafIdentifier,9,37,0,0,0,7,2,3,2,3
onos-app-yms,org.onosproject.yang.gen.v1.ydt.test6.rev20160524.test6.cont1,List1.OnosYangNodeOperationType,0,78,0,0,0,7,0,4,0,4
onos-app-yms,org.onosproject.yang.gen.v1.urn.ietf.params.xml.ns.yang.ietf.network2.rev20151208.ietfnetwork2.networkup.networks,DefaultNetwork,269,0,26,0,61,0,29,0,16,0
onos-app-yms,org.onosproject.yang.gen.v1.urn.ietf.params.xml.ns.yang.ietf.network2.rev20151208.ietfnetwork2.networkup.networks,Network.OnosYangNodeOperationType,78,0,0,0,7,0,4,0,4,0
onos-app-yms,org.onosproject.yang.gen.v1.urn.ietf.params.xml.ns.yang.ietf.network2.rev20151208.ietfnetwork2.networkup.networks,Network.LeafIdentifier,35,0,0,0,6,0,5,0,5,0
onos-app-yms,org.onosproject.yang.gen.v1.urn.ietf.params.xml.ns.yang.ietf.network2.rev20151208.ietfnetwork2.networkup.networks,DefaultNetwork.NetworkBuilder,72,0,0,0,21,0,12,0,12,0
onos-app-yms,org.onosproject.yang.gen.v1.urn.ietf.params.xml.ns.yang.ietf.network4.rev20171208,IetfNetwork4.OnosYangNodeOperationType,78,0,0,0,7,0,4,0,4,0
onos-app-yms,org.onosproject.yang.gen.v1.urn.ietf.params.xml.ns.yang.ietf.network4.rev20171208,IetfNetwork4OpParam.IetfNetwork4Builder,24,0,0,0,9,0,6,0,6,0
onos-app-yms,org.onosproject.yang.gen.v1.urn.ietf.params.xml.ns.yang.ietf.network4.rev20171208,IetfNetwork4OpParam,133,0,20,0,36,0,20,0,10,0
onos-app-yms,org.onosproject.yang.gen.v1.yms.test.ytb.multi.module.a.rev20160826,YtbMultiModulea.OnosYangNodeOperationType,78,0,0,0,7,0,4,0,4,0
onos-app-yms,org.onosproject.yang.gen.v1.yms.test.ytb.multi.module.a.rev20160826,YtbMultiModuleaOpParam.YtbMultiModuleaBuilder,21,19,2,0,6,7,3,5,2,5
onos-app-yms,org.onosproject.yang.gen.v1.yms.test.ytb.multi.module.a.rev20160826,YtbMultiModuleaOpParam,189,17,38,0,43,6,26,3,7,3
onos-app-yms,org.onosproject.yang.gen.v1.urn.ietf.params.xml.ns.yang.ietf.network4.ietfnetwork4,NetworkDown.OnosYangNodeOperationType,78,0,0,0,7,0,4,0,4,0
onos-app-yms,org.onosproject.yang.gen.v1.urn.ietf.params.xml.ns.yang.ietf.network4.ietfnetwork4,DefaultNetworkDown,207,0,24,0,52,0,24,0,12,0
onos-app-yms,org.onosproject.yang.gen.v1.urn.ietf.params.xml.ns.yang.ietf.network4.ietfnetwork4,DefaultNetworkDown.NetworkDownBuilder,44,0,0,0,14,0,9,0,9,0
onos-app-yms,org.onosproject.yang.gen.v1.urn.ietf.params.xml.ns.yang.ietf.network4.ietfnetwork4,DefaultNetworkUp.NetworkUpBuilder,44,0,0,0,14,0,9,0,9,0
onos-app-yms,org.onosproject.yang.gen.v1.urn.ietf.params.xml.ns.yang.ietf.network4.ietfnetwork4,NetworkUp.OnosYangNodeOperationType,78,0,0,0,7,0,4,0,4,0
onos-app-yms,org.onosproject.yang.gen.v1.urn.ietf.params.xml.ns.yang.ietf.network4.ietfnetwork4,DefaultNetworkUp,207,0,24,0,52,0,24,0,12,0
onos-app-yms,org.onosproject.yang.gen.v1.urn.ietf.params.xml.ns.yang.ietf.network4.ietfnetwork4,IetfNetwork4Event.Type,38,0,0,0,3,0,4,0,4,0
onos-app-yms,org.onosproject.yang.gen.v1.urn.ietf.params.xml.ns.yang.ietf.network4.ietfnetwork4,IetfNetwork4EventSubject,17,0,0,0,7,0,5,0,5,0
onos-app-yms,org.onosproject.yang.gen.v1.urn.ietf.params.xml.ns.yang.ietf.network4.ietfnetwork4,IetfNetwork4Event,11,0,0,0,4,0,2,0,2,0
onos-app-yms,org.onosproject.yang.gen.v1.ych.combined.rev20160524,CombinedOpParam,112,21,20,0,29,7,16,4,6,4
onos-app-yms,org.onosproject.yang.gen.v1.ych.combined.rev20160524,Combined.OnosYangNodeOperationType,78,0,0,0,7,0,4,0,4,0
onos-app-yms,org.onosproject.yang.gen.v1.ych.combined.rev20160524,CombinedOpParam.CombinedBuilder,5,19,0,0,2,7,1,5,1,5
onos-app-yms,org.onosproject.yang.gen.v1.ydt.warehouse.supervisor.rev20160524,Warehousesupervisor.OnosYangNodeOperationType,0,78,0,0,0,7,0,4,0,4
onos-app-yms,org.onosproject.yang.gen.v1.ydt.warehouse.supervisor.rev20160524,Warehousesupervisor.LeafIdentifier,35,0,0,0,6,0,5,0,5,0
onos-app-yms,org.onosproject.yang.gen.v1.ydt.warehouse.supervisor.rev20160524,WarehousesupervisorOpParam,221,39,40,0,51,11,30,4,10,4
onos-app-yms,org.onosproject.yang.gen.v1.ydt.warehouse.supervisor.rev20160524,WarehousesupervisorOpParam.WarehousesupervisorBuilder,12,51,0,2,4,15,2,9,2,8
onos-app-yms,org.onosproject.yang.gen.v1.ydt.food.rev20160624,FoodOpParam.FoodBuilder,24,0,0,0,9,0,6,0,6,0
onos-app-yms,org.onosproject.yang.gen.v1.ydt.food.rev20160624,Food.OnosYangNodeOperationType,78,0,0,0,7,0,4,0,4,0
onos-app-yms,org.onosproject.yang.gen.v1.ydt.food.rev20160624,FoodOpParam,133,0,20,0,37,0,20,0,10,0
onos-app-yms,org.onosproject.yang.gen.v1.urn.ietf.params.xml.ns.yang.ietf.network4.rev20151208.ietfnetwork4.networkdown,Networks.OnosYangNodeOperationType,78,0,0,0,7,0,4,0,4,0
onos-app-yms,org.onosproject.yang.gen.v1.urn.ietf.params.xml.ns.yang.ietf.network4.rev20151208.ietfnetwork4.networkdown,DefaultNetworks.NetworksBuilder,80,0,0,0,24,0,14,0,14,0
onos-app-yms,org.onosproject.yang.gen.v1.urn.ietf.params.xml.ns.yang.ietf.network4.rev20151208.ietfnetwork4.networkdown,DefaultNetworks,324,0,36,0,74,0,36,0,18,0
onos-app-yms,org.onosproject.yang.gen.v1.urn.ietf.params.xml.ns.yang.ietf.network4.rev20151208.ietfnetwork4.networkdown,Networks.LeafIdentifier,35,0,0,0,6,0,5,0,5,0
onos-app-yms,org.onosproject.yang.gen.v1.ych.combined.rev20160524.combined,Metric,51,15,4,0,16,6,8,2,6,2
onos-app-yms,org.onosproject.yang.gen.v1.ych.combined.rev20160524.combined,AsNum,51,15,4,0,16,6,8,2,6,2
onos-app-yms,org.onosproject.yang.gen.v1.ych.combined.rev20160524.combined,DefaultAttributes,512,61,100,0,112,18,59,8,9,8
onos-app-yms,org.onosproject.yang.gen.v1.ych.combined.rev20160524.combined,PathId,51,15,4,0,16,6,8,2,6,2
onos-app-yms,org.onosproject.yang.gen.v1.ych.combined.rev20160524.combined,Attributes.OnosYangNodeOperationType,78,0,0,0,7,0,4,0,4,0
onos-app-yms,org.onosproject.yang.gen.v1.ych.combined.rev20160524.combined,DefaultAttributes.AttributesBuilder,17,99,0,4,5,32,3,20,3,18
onos-app-yms,org.onosproject.yang.gen.v1.ych.combined.rev20160524.combined,ProtocolVersion,66,0,4,0,22,0,10,0,8,0
onos-app-yms,org.onosproject.yang.gen.v1.yms.test.ytb.multi.module.b.rev20160826,YtbMultiModuleb.OnosYangNodeOperationType,78,0,0,0,7,0,4,0,4,0
onos-app-yms,org.onosproject.yang.gen.v1.yms.test.ytb.multi.module.b.rev20160826,YtbMultiModulebOpParam,189,17,38,0,43,6,26,3,7,3
onos-app-yms,org.onosproject.yang.gen.v1.yms.test.ytb.multi.module.b.rev20160826,YtbMultiModulebOpParam.YtbMultiModulebBuilder,21,19,2,0,6,7,3,5,2,5
onos-app-yms,org.onosproject.yang.gen.v1.ydt.test6.rev20160524.test6.cont4,AugmentedCont4.OnosYangNodeOperationType,78,0,0,0,7,0,4,0,4,0
onos-app-yms,org.onosproject.yang.gen.v1.ydt.test6.rev20160524.test6.cont4,DefaultAugmentedCont4.AugmentedCont4Builder,24,0,0,0,9,0,6,0,6,0
onos-app-yms,org.onosproject.yang.gen.v1.ydt.test6.rev20160524.test6.cont4,DefaultCont5.Cont5Builder,24,48,0,0,7,14,4,8,4,8
onos-app-yms,org.onosproject.yang.gen.v1.ydt.test6.rev20160524.test6.cont4,DefaultAugmentedCont4,133,0,20,0,36,0,20,0,10,0
onos-app-yms,org.onosproject.yang.gen.v1.ydt.test6.rev20160524.test6.cont4,Cont5.LeafIdentifier,9,26,0,0,0,6,2,3,2,3
onos-app-yms,org.onosproject.yang.gen.v1.ydt.test6.rev20160524.test6.cont4,Cont5.OnosYangNodeOperationType,0,78,0,0,0,7,0,4,0,4
onos-app-yms,org.onosproject.yang.gen.v1.ydt.test6.rev20160524.test6.cont4,DefaultCont5,232,38,28,0,51,10,29,1,15,1
onos-app-yms,org.onosproject.yang.gen.v1.yms.test.ytb.tree.builder.yangautoprefixfor.list.having.list.rev20160826.ytbtreebuilderforlisthavinglist.carrier,Multiplexes.OnosYangNodeOperationType,78,0,0,0,7,0,4,0,4,0
onos-app-yms,org.onosproject.yang.gen.v1.yms.test.ytb.tree.builder.yangautoprefixfor.list.having.list.rev20160826.ytbtreebuilderforlisthavinglist.carrier,DefaultMultiplexes,347,51,56,0,74,14,42,4,14,4
onos-app-yms,org.onosproject.yang.gen.v1.yms.test.ytb.tree.builder.yangautoprefixfor.list.having.list.rev20160826.ytbtreebuilderforlisthavinglist.carrier,DefaultMultiplexes.MultiplexesBuilder,40,56,2,0,11,17,6,10,5,10
onos-app-yms,org.onosproject.yang.gen.v1.yms.test.ytb.tree.builder.yangautoprefixfor.list.having.list.rev20160826.ytbtreebuilderforlisthavinglist.carrier,Multiplexes.LeafIdentifier,9,26,0,0,0,6,2,3,2,3
